=== Creating conda environment ===
Collecting package metadata (current_repodata.json): ...working... done
Solving environment: ...working... done


==> WARNING: A newer version of conda exists. <==
  current version: 23.3.1
  latest version: 26.3.1

Please update conda by running

    $ conda update -n base -c defaults conda

Or to minimize the number of packages updated during conda update use

     conda install conda=26.3.1



## Package Plan ##

  environment location: /users/jmatthia/deep_learning/env

  added / updated specs:
    - python=3.10


The following NEW packages will be INSTALLED:

  _openmp_mutex      conda-forge/linux-64::_openmp_mutex-4.5-20_gnu 
  bzip2              conda-forge/linux-64::bzip2-1.0.8-hda65f42_9 
  ca-certificates    conda-forge/noarch::ca-certificates-2026.2.25-hbd8a1cb_0 
  ld_impl_linux-64   conda-forge/linux-64::ld_impl_linux-64-2.45.1-default_hbd61a6d_102 
  libexpat           conda-forge/linux-64::libexpat-2.7.5-hecca717_0 
  libffi             conda-forge/linux-64::libffi-3.5.2-h3435931_0 
  libgcc             conda-forge/linux-64::libgcc-15.2.0-he0feb66_18 
  libgcc-ng          conda-forge/linux-64::libgcc-ng-15.2.0-h69a702a_18 
  libgomp            conda-forge/linux-64::libgomp-15.2.0-he0feb66_18 
  liblzma            conda-forge/linux-64::liblzma-5.8.3-hb03c661_0 
  libnsl             conda-forge/linux-64::libnsl-2.0.1-hb9d3cd8_1 
  libsqlite          conda-forge/linux-64::libsqlite-3.53.0-h0c1763c_0 
  libuuid            conda-forge/linux-64::libuuid-2.42-h5347b49_0 
  libxcrypt          conda-forge/linux-64::libxcrypt-4.4.36-hd590300_1 
  libzlib            conda-forge/linux-64::libzlib-1.3.2-h25fd6f3_2 
  ncurses            conda-forge/linux-64::ncurses-6.5-h2d0b736_3 
  openssl            conda-forge/linux-64::openssl-3.6.2-h35e630c_0 
  packaging          conda-forge/noarch::packaging-26.0-pyhcf101f3_0 
  pip                conda-forge/noarch::pip-26.0.1-pyh8b19718_0 
  python             conda-forge/linux-64::python-3.10.20-h3c07f61_0_cpython 
  readline           conda-forge/linux-64::readline-8.3-h853b02a_0 
  setuptools         conda-forge/noarch::setuptools-82.0.1-pyh332efcf_0 
  tk                 conda-forge/linux-64::tk-8.6.13-noxft_h366c992_103 
  tzdata             conda-forge/noarch::tzdata-2025c-hc9c84f9_1 
  wheel              conda-forge/noarch::wheel-0.46.3-pyhd8ed1ab_0 
  zstd               conda-forge/linux-64::zstd-1.5.7-hb78ec9c_6 



Downloading and Extracting Packages

Preparing transaction: ...working... done
Verifying transaction: ...working... done
Executing transaction: ...working... done
#
# To activate this environment, use
#
#     $ conda activate /users/jmatthia/deep_learning/env
#
# To deactivate an active environment, use
#
#     $ conda deactivate

=== Installing PyTorch (CUDA 11.8) ===
Looking in indexes: https://download.pytorch.org/whl/cu118
Collecting torch
  Using cached https://download-r2.pytorch.org/whl/cu118/torch-2.7.1%2Bcu118-cp310-cp310-manylinux_2_28_x86_64.whl.metadata (28 kB)
Collecting torchvision
  Using cached https://download-r2.pytorch.org/whl/cu118/torchvision-0.22.1%2Bcu118-cp310-cp310-manylinux_2_28_x86_64.whl.metadata (6.1 kB)
Collecting filelock (from torch)
  Using cached filelock-3.25.2-py3-none-any.whl.metadata (2.0 kB)
Collecting typing-extensions>=4.10.0 (from torch)
  Using cached https://download.pytorch.org/whl/typing_extensions-4.15.0-py3-none-any.whl.metadata (3.3 kB)
Collecting sympy>=1.13.3 (from torch)
  Using cached sympy-1.14.0-py3-none-any.whl.metadata (12 kB)
Collecting networkx (from torch)
  Using cached networkx-3.4.2-py3-none-any.whl.metadata (6.3 kB)
Collecting jinja2 (from torch)
  Using cached https://download.pytorch.org/whl/jinja2-3.1.6-py3-none-any.whl.metadata (2.9 kB)
Collecting fsspec (from torch)
  Using cached fsspec-2026.2.0-py3-none-any.whl.metadata (10 kB)
Collecting nvidia-cuda-nvrtc-cu11==11.8.89 (from torch)
  Using cached https://download.pytorch.org/whl/cu118/nvidia_cuda_nvrtc_cu11-11.8.89-py3-none-manylinux1_x86_64.whl (23.2 MB)
Collecting nvidia-cuda-runtime-cu11==11.8.89 (from torch)
  Using cached https://download.pytorch.org/whl/cu118/nvidia_cuda_runtime_cu11-11.8.89-py3-none-manylinux1_x86_64.whl (875 kB)
Collecting nvidia-cuda-cupti-cu11==11.8.87 (from torch)
  Using cached https://download.pytorch.org/whl/cu118/nvidia_cuda_cupti_cu11-11.8.87-py3-none-manylinux1_x86_64.whl (13.1 MB)
Collecting nvidia-cudnn-cu11==9.1.0.70 (from torch)
  Using cached https://download.pytorch.org/whl/cu118/nvidia_cudnn_cu11-9.1.0.70-py3-none-manylinux2014_x86_64.whl (663.9 MB)
Collecting nvidia-cublas-cu11==11.11.3.6 (from torch)
  Using cached https://download.pytorch.org/whl/cu118/nvidia_cublas_cu11-11.11.3.6-py3-none-manylinux1_x86_64.whl (417.9 MB)
Collecting nvidia-cufft-cu11==10.9.0.58 (from torch)
  Using cached https://download.pytorch.org/whl/cu118/nvidia_cufft_cu11-10.9.0.58-py3-none-manylinux1_x86_64.whl (168.4 MB)
Collecting nvidia-curand-cu11==10.3.0.86 (from torch)
  Using cached https://download.pytorch.org/whl/cu118/nvidia_curand_cu11-10.3.0.86-py3-none-manylinux1_x86_64.whl (58.1 MB)
Collecting nvidia-cusolver-cu11==11.4.1.48 (from torch)
  Using cached https://download.pytorch.org/whl/cu118/nvidia_cusolver_cu11-11.4.1.48-py3-none-manylinux1_x86_64.whl (128.2 MB)
Collecting nvidia-cusparse-cu11==11.7.5.86 (from torch)
  Using cached https://download.pytorch.org/whl/cu118/nvidia_cusparse_cu11-11.7.5.86-py3-none-manylinux1_x86_64.whl (204.1 MB)
Collecting nvidia-nccl-cu11==2.21.5 (from torch)
  Using cached https://download.pytorch.org/whl/cu118/nvidia_nccl_cu11-2.21.5-py3-none-manylinux2014_x86_64.whl (147.8 MB)
Collecting nvidia-nvtx-cu11==11.8.86 (from torch)
  Using cached https://download.pytorch.org/whl/cu118/nvidia_nvtx_cu11-11.8.86-py3-none-manylinux1_x86_64.whl (99 kB)
Collecting triton==3.3.1 (from torch)
  Using cached https://download-r2.pytorch.org/whl/triton-3.3.1-cp310-cp310-manylinux_2_27_x86_64.manylinux_2_28_x86_64.whl.metadata (1.5 kB)
Requirement already satisfied: setuptools>=40.8.0 in /users/jmatthia/deep_learning/env/lib/python3.10/site-packages (from triton==3.3.1->torch) (82.0.1)
Collecting numpy (from torchvision)
  Using cached numpy-2.2.6-cp310-cp310-manylinux_2_17_x86_64.manylinux2014_x86_64.whl.metadata (62 kB)
Collecting pillow!=8.3.*,>=5.3.0 (from torchvision)
  Using cached pillow-12.1.1-cp310-cp310-manylinux_2_27_x86_64.manylinux_2_28_x86_64.whl.metadata (8.8 kB)
Collecting mpmath<1.4,>=1.1.0 (from sympy>=1.13.3->torch)
  Using cached mpmath-1.3.0-py3-none-any.whl.metadata (8.6 kB)
Collecting MarkupSafe>=2.0 (from jinja2->torch)
  Using cached https://download.pytorch.org/whl/markupsafe-3.0.3-cp310-cp310-manylinux2014_x86_64.manylinux_2_17_x86_64.manylinux_2_28_x86_64.whl.metadata (2.7 kB)
Using cached https://download-r2.pytorch.org/whl/cu118/torch-2.7.1%2Bcu118-cp310-cp310-manylinux_2_28_x86_64.whl (905.3 MB)
Using cached https://download-r2.pytorch.org/whl/triton-3.3.1-cp310-cp310-manylinux_2_27_x86_64.manylinux_2_28_x86_64.whl (155.6 MB)
Using cached https://download-r2.pytorch.org/whl/cu118/torchvision-0.22.1%2Bcu118-cp310-cp310-manylinux_2_28_x86_64.whl (6.7 MB)
Using cached pillow-12.1.1-cp310-cp310-manylinux_2_27_x86_64.manylinux_2_28_x86_64.whl (7.0 MB)
Using cached sympy-1.14.0-py3-none-any.whl (6.3 MB)
Using cached mpmath-1.3.0-py3-none-any.whl (536 kB)
Using cached https://download.pytorch.org/whl/typing_extensions-4.15.0-py3-none-any.whl (44 kB)
Using cached filelock-3.25.2-py3-none-any.whl (26 kB)
Using cached fsspec-2026.2.0-py3-none-any.whl (202 kB)
Using cached https://download.pytorch.org/whl/jinja2-3.1.6-py3-none-any.whl (134 kB)
Using cached https://download.pytorch.org/whl/markupsafe-3.0.3-cp310-cp310-manylinux2014_x86_64.manylinux_2_17_x86_64.manylinux_2_28_x86_64.whl (20 kB)
Using cached networkx-3.4.2-py3-none-any.whl (1.7 MB)
Using cached numpy-2.2.6-cp310-cp310-manylinux_2_17_x86_64.manylinux2014_x86_64.whl (16.8 MB)
Installing collected packages: mpmath, typing-extensions, triton, sympy, pillow, nvidia-nvtx-cu11, nvidia-nccl-cu11, nvidia-cusparse-cu11, nvidia-curand-cu11, nvidia-cufft-cu11, nvidia-cuda-runtime-cu11, nvidia-cuda-nvrtc-cu11, nvidia-cuda-cupti-cu11, nvidia-cublas-cu11, numpy, networkx, MarkupSafe, fsspec, filelock, nvidia-cusolver-cu11, nvidia-cudnn-cu11, jinja2, torch, torchvision

Successfully installed MarkupSafe-3.0.3 filelock-3.25.2 fsspec-2026.2.0 jinja2-3.1.6 mpmath-1.3.0 networkx-3.4.2 numpy-2.2.6 nvidia-cublas-cu11-11.11.3.6 nvidia-cuda-cupti-cu11-11.8.87 nvidia-cuda-nvrtc-cu11-11.8.89 nvidia-cuda-runtime-cu11-11.8.89 nvidia-cudnn-cu11-9.1.0.70 nvidia-cufft-cu11-10.9.0.58 nvidia-curand-cu11-10.3.0.86 nvidia-cusolver-cu11-11.4.1.48 nvidia-cusparse-cu11-11.7.5.86 nvidia-nccl-cu11-2.21.5 nvidia-nvtx-cu11-11.8.86 pillow-12.1.1 sympy-1.14.0 torch-2.7.1+cu118 torchvision-0.22.1+cu118 triton-3.3.1 typing-extensions-4.15.0
=== Installing dependencies from requirements.txt ===
Collecting gymnasium==0.29.1 (from -r dqn/requirements.txt (line 2))
  Using cached gymnasium-0.29.1-py3-none-any.whl.metadata (10 kB)
Collecting wandb (from -r dqn/requirements.txt (line 5))
  Using cached wandb-0.25.1-py3-none-manylinux_2_28_x86_64.whl.metadata (11 kB)
Requirement already satisfied: numpy in /users/jmatthia/deep_learning/env/lib/python3.10/site-packages (from -r dqn/requirements.txt (line 6)) (2.2.6)
Collecting pylint (from -r dqn/requirements.txt (line 9))
  Using cached pylint-4.0.5-py3-none-any.whl.metadata (12 kB)
Collecting cloudpickle>=1.2.0 (from gymnasium==0.29.1->-r dqn/requirements.txt (line 2))
  Using cached cloudpickle-3.1.2-py3-none-any.whl.metadata (7.1 kB)
Requirement already satisfied: typing-extensions>=4.3.0 in /users/jmatthia/deep_learning/env/lib/python3.10/site-packages (from gymnasium==0.29.1->-r dqn/requirements.txt (line 2)) (4.15.0)
Collecting farama-notifications>=0.0.1 (from gymnasium==0.29.1->-r dqn/requirements.txt (line 2))
  Using cached Farama_Notifications-0.0.4-py3-none-any.whl.metadata (558 bytes)
Collecting click>=8.0.1 (from wandb->-r dqn/requirements.txt (line 5))
  Using cached click-8.3.2-py3-none-any.whl.metadata (2.6 kB)
Collecting gitpython!=3.1.29,>=1.0.0 (from wandb->-r dqn/requirements.txt (line 5))
  Using cached gitpython-3.1.46-py3-none-any.whl.metadata (13 kB)
Requirement already satisfied: packaging in /users/jmatthia/deep_learning/env/lib/python3.10/site-packages (from wandb->-r dqn/requirements.txt (line 5)) (26.0)
Collecting platformdirs (from wandb->-r dqn/requirements.txt (line 5))
  Using cached platformdirs-4.9.6-py3-none-any.whl.metadata (4.7 kB)
Collecting protobuf!=5.28.0,!=5.29.0,<7,>4.21.0 (from wandb->-r dqn/requirements.txt (line 5))
  Using cached protobuf-6.33.6-cp39-abi3-manylinux2014_x86_64.whl.metadata (593 bytes)
Collecting pydantic<3 (from wandb->-r dqn/requirements.txt (line 5))
  Using cached pydantic-2.12.5-py3-none-any.whl.metadata (90 kB)
Collecting pyyaml (from wandb->-r dqn/requirements.txt (line 5))
  Using cached pyyaml-6.0.3-cp310-cp310-manylinux2014_x86_64.manylinux_2_17_x86_64.manylinux_2_28_x86_64.whl.metadata (2.4 kB)
Collecting requests<3,>=2.0.0 (from wandb->-r dqn/requirements.txt (line 5))
  Using cached requests-2.33.1-py3-none-any.whl.metadata (4.8 kB)
Collecting sentry-sdk>=2.0.0 (from wandb->-r dqn/requirements.txt (line 5))
  Using cached sentry_sdk-2.57.0-py2.py3-none-any.whl.metadata (10 kB)
Collecting annotated-types>=0.6.0 (from pydantic<3->wandb->-r dqn/requirements.txt (line 5))
  Using cached annotated_types-0.7.0-py3-none-any.whl.metadata (15 kB)
Collecting pydantic-core==2.41.5 (from pydantic<3->wandb->-r dqn/requirements.txt (line 5))
  Using cached pydantic_core-2.41.5-cp310-cp310-manylinux_2_17_x86_64.manylinux2014_x86_64.whl.metadata (7.3 kB)
Collecting typing-inspection>=0.4.2 (from pydantic<3->wandb->-r dqn/requirements.txt (line 5))
  Using cached typing_inspection-0.4.2-py3-none-any.whl.metadata (2.6 kB)
Collecting charset_normalizer<4,>=2 (from requests<3,>=2.0.0->wandb->-r dqn/requirements.txt (line 5))
  Using cached charset_normalizer-3.4.7-cp310-cp310-manylinux2014_x86_64.manylinux_2_17_x86_64.manylinux_2_28_x86_64.whl.metadata (40 kB)
Collecting idna<4,>=2.5 (from requests<3,>=2.0.0->wandb->-r dqn/requirements.txt (line 5))
  Using cached idna-3.11-py3-none-any.whl.metadata (8.4 kB)
Collecting urllib3<3,>=1.26 (from requests<3,>=2.0.0->wandb->-r dqn/requirements.txt (line 5))
  Using cached urllib3-2.6.3-py3-none-any.whl.metadata (6.9 kB)
Collecting certifi>=2023.5.7 (from requests<3,>=2.0.0->wandb->-r dqn/requirements.txt (line 5))
  Using cached certifi-2026.2.25-py3-none-any.whl.metadata (2.5 kB)
Collecting astroid<=4.1.dev0,>=4.0.2 (from pylint->-r dqn/requirements.txt (line 9))
  Using cached astroid-4.0.4-py3-none-any.whl.metadata (4.4 kB)
Collecting dill>=0.2 (from pylint->-r dqn/requirements.txt (line 9))
  Using cached dill-0.4.1-py3-none-any.whl.metadata (10 kB)
Collecting isort!=5.13,<9,>=5 (from pylint->-r dqn/requirements.txt (line 9))
  Using cached isort-8.0.1-py3-none-any.whl.metadata (11 kB)
Collecting mccabe<0.8,>=0.6 (from pylint->-r dqn/requirements.txt (line 9))
  Using cached mccabe-0.7.0-py2.py3-none-any.whl.metadata (5.0 kB)
Collecting tomli>=1.1 (from pylint->-r dqn/requirements.txt (line 9))
  Using cached tomli-2.4.1-py3-none-any.whl.metadata (10 kB)
Collecting tomlkit>=0.10.1 (from pylint->-r dqn/requirements.txt (line 9))
  Using cached tomlkit-0.14.0-py3-none-any.whl.metadata (2.8 kB)
Collecting gitdb<5,>=4.0.1 (from gitpython!=3.1.29,>=1.0.0->wandb->-r dqn/requirements.txt (line 5))
  Using cached gitdb-4.0.12-py3-none-any.whl.metadata (1.2 kB)
Collecting smmap<6,>=3.0.1 (from gitdb<5,>=4.0.1->gitpython!=3.1.29,>=1.0.0->wandb->-r dqn/requirements.txt (line 5))
  Using cached smmap-5.0.3-py3-none-any.whl.metadata (4.6 kB)
Using cached gymnasium-0.29.1-py3-none-any.whl (953 kB)
Using cached wandb-0.25.1-py3-none-manylinux_2_28_x86_64.whl (25.6 MB)
Using cached protobuf-6.33.6-cp39-abi3-manylinux2014_x86_64.whl (323 kB)
Using cached pydantic-2.12.5-py3-none-any.whl (463 kB)
Using cached pydantic_core-2.41.5-cp310-cp310-manylinux_2_17_x86_64.manylinux2014_x86_64.whl (2.1 MB)
Using cached requests-2.33.1-py3-none-any.whl (64 kB)
Using cached charset_normalizer-3.4.7-cp310-cp310-manylinux2014_x86_64.manylinux_2_17_x86_64.manylinux_2_28_x86_64.whl (216 kB)
Using cached idna-3.11-py3-none-any.whl (71 kB)
Using cached urllib3-2.6.3-py3-none-any.whl (131 kB)
Using cached pylint-4.0.5-py3-none-any.whl (536 kB)
Using cached astroid-4.0.4-py3-none-any.whl (276 kB)
Using cached isort-8.0.1-py3-none-any.whl (89 kB)
Using cached mccabe-0.7.0-py2.py3-none-any.whl (7.3 kB)
Using cached annotated_types-0.7.0-py3-none-any.whl (13 kB)
Using cached certifi-2026.2.25-py3-none-any.whl (153 kB)
Using cached click-8.3.2-py3-none-any.whl (108 kB)
Using cached cloudpickle-3.1.2-py3-none-any.whl (22 kB)
Using cached dill-0.4.1-py3-none-any.whl (120 kB)
Using cached Farama_Notifications-0.0.4-py3-none-any.whl (2.5 kB)
Using cached gitpython-3.1.46-py3-none-any.whl (208 kB)
Using cached gitdb-4.0.12-py3-none-any.whl (62 kB)
Using cached smmap-5.0.3-py3-none-any.whl (24 kB)
Using cached platformdirs-4.9.6-py3-none-any.whl (21 kB)
Using cached sentry_sdk-2.57.0-py2.py3-none-any.whl (456 kB)
Using cached tomli-2.4.1-py3-none-any.whl (14 kB)
Using cached tomlkit-0.14.0-py3-none-any.whl (39 kB)
Using cached typing_inspection-0.4.2-py3-none-any.whl (14 kB)
Using cached pyyaml-6.0.3-cp310-cp310-manylinux2014_x86_64.manylinux_2_17_x86_64.manylinux_2_28_x86_64.whl (770 kB)
Installing collected packages: farama-notifications, urllib3, typing-inspection, tomlkit, tomli, smmap, pyyaml, pydantic-core, protobuf, platformdirs, mccabe, isort, idna, dill, cloudpickle, click, charset_normalizer, certifi, astroid, annotated-types, sentry-sdk, requests, pylint, pydantic, gymnasium, gitdb, gitpython, wandb

Successfully installed annotated-types-0.7.0 astroid-4.0.4 certifi-2026.2.25 charset_normalizer-3.4.7 click-8.3.2 cloudpickle-3.1.2 dill-0.4.1 farama-notifications-0.0.4 gitdb-4.0.12 gitpython-3.1.46 gymnasium-0.29.1 idna-3.11 isort-8.0.1 mccabe-0.7.0 platformdirs-4.9.6 protobuf-6.33.6 pydantic-2.12.5 pydantic-core-2.41.5 pylint-4.0.5 pyyaml-6.0.3 requests-2.33.1 sentry-sdk-2.57.0 smmap-5.0.3 tomli-2.4.1 tomlkit-0.14.0 typing-inspection-0.4.2 urllib3-2.6.3 wandb-0.25.1
=== Verifying installation ===
Observation space: Box([-4.8000002e+00 -3.4028235e+38 -4.1887903e-01 -3.4028235e+38], [4.8000002e+00 3.4028235e+38 4.1887903e-01 3.4028235e+38], (4,), float32)
  Shape: (4,)
  Low:  [-4.8000002e+00 -3.4028235e+38 -4.1887903e-01 -3.4028235e+38]
  High: [4.8000002e+00 3.4028235e+38 4.1887903e-01 3.4028235e+38]
Action space: Discrete(2)
  Number of actions: 2

Initial observation: [-0.01327648  0.02559593  0.0082816  -0.00394021]
  [cart_pos, cart_vel, pole_angle, pole_angular_vel]

Step   1 | Action: 0 | Obs: [-0.013, -0.170, +0.008, +0.291] | Reward: 1.0 | Done: False
Step   2 | Action: 1 | Obs: [-0.016, +0.025, +0.014, +0.001] | Reward: 1.0 | Done: False
Step   3 | Action: 0 | Obs: [-0.016, -0.170, +0.014, +0.298] | Reward: 1.0 | Done: False
Step   4 | Action: 0 | Obs: [-0.019, -0.365, +0.020, +0.595] | Reward: 1.0 | Done: False
Step   5 | Action: 1 | Obs: [-0.026, -0.170, +0.032, +0.309] | Reward: 1.0 | Done: False
Step   6 | Action: 1 | Obs: [-0.030, +0.024, +0.038, +0.027] | Reward: 1.0 | Done: False
Step   7 | Action: 0 | Obs: [-0.029, -0.171, +0.039, +0.331] | Reward: 1.0 | Done: False
Step   8 | Action: 1 | Obs: [-0.033, +0.023, +0.045, +0.051] | Reward: 1.0 | Done: False
Step   9 | Action: 1 | Obs: [-0.032, +0.218, +0.046, -0.227] | Reward: 1.0 | Done: False
Step  10 | Action: 1 | Obs: [-0.028, +0.412, +0.042, -0.505] | Reward: 1.0 | Done: False
Step  11 | Action: 0 | Obs: [-0.020, +0.216, +0.032, -0.199] | Reward: 1.0 | Done: False
Step  12 | Action: 1 | Obs: [-0.015, +0.411, +0.028, -0.482] | Reward: 1.0 | Done: False
Step  13 | Action: 1 | Obs: [-0.007, +0.606, +0.018, -0.766] | Reward: 1.0 | Done: False
Step  14 | Action: 1 | Obs: [+0.005, +0.801, +0.003, -1.053] | Reward: 1.0 | Done: False
Step  15 | Action: 0 | Obs: [+0.021, +0.605, -0.018, -0.759] | Reward: 1.0 | Done: False
Step  16 | Action: 1 | Obs: [+0.033, +0.801, -0.034, -1.058] | Reward: 1.0 | Done: False
Step  17 | Action: 0 | Obs: [+0.049, +0.606, -0.055, -0.776] | Reward: 1.0 | Done: False
Step  18 | Action: 1 | Obs: [+0.061, +0.802, -0.070, -1.085] | Reward: 1.0 | Done: False
Step  19 | Action: 0 | Obs: [+0.077, +0.608, -0.092, -0.815] | Reward: 1.0 | Done: False
Step  20 | Action: 1 | Obs: [+0.089, +0.804, -0.108, -1.135] | Reward: 1.0 | Done: False

Total reward: 20.0
=== Setup complete ===
Activate with: conda activate /users/jmatthia/deep_learning/env
