Device: cuda
Train: 45000  |  Val: 5000  |  Test: 10000
Swin-B parameters: 86,845,724
Epoch   1/70 | lr 8.00e-05 | train loss 4.3021 acc 0.0479 | val loss 3.9675 acc 0.0846 | 408.5s
  -> New best val acc: 0.0846
Epoch   2/70 | lr 1.20e-04 | train loss 4.0115 acc 0.0828 | val loss 3.6012 acc 0.1522 | 391.4s
  -> New best val acc: 0.1522
Epoch   3/70 | lr 1.60e-04 | train loss 3.7848 acc 0.1178 | val loss 3.3338 acc 0.1926 | 475.0s
  -> New best val acc: 0.1926
Epoch   4/70 | lr 2.00e-04 | train loss 3.5866 acc 0.1490 | val loss 3.1612 acc 0.2224 | 543.4s
  -> New best val acc: 0.2224
Epoch   5/70 | lr 2.00e-04 | train loss 3.4108 acc 0.1761 | val loss 2.9623 acc 0.2558 | 528.8s
  -> New best val acc: 0.2558
Epoch   6/70 | lr 2.00e-04 | train loss 3.2150 acc 0.2103 | val loss 2.8018 acc 0.2802 | 494.5s
  -> New best val acc: 0.2802
Epoch   7/70 | lr 2.00e-04 | train loss 3.0580 acc 0.2389 | val loss 2.6872 acc 0.3066 | 391.8s
  -> New best val acc: 0.3066
Epoch   8/70 | lr 1.99e-04 | train loss 2.9159 acc 0.2659 | val loss 2.4911 acc 0.3470 | 391.9s
  -> New best val acc: 0.3470
Epoch   9/70 | lr 1.98e-04 | train loss 2.8138 acc 0.2822 | val loss 2.4240 acc 0.3684 | 539.0s
  -> New best val acc: 0.3684
Epoch  10/70 | lr 1.97e-04 | train loss 2.7209 acc 0.3023 | val loss 2.3323 acc 0.3792 | 532.5s
  -> New best val acc: 0.3792
Epoch  11/70 | lr 1.96e-04 | train loss 2.6178 acc 0.3225 | val loss 2.3143 acc 0.3816 | 440.1s
  -> New best val acc: 0.3816
Epoch  12/70 | lr 1.94e-04 | train loss 2.5648 acc 0.3364 | val loss 2.1939 acc 0.4134 | 391.8s
  -> New best val acc: 0.4134
Epoch  13/70 | lr 1.93e-04 | train loss 2.4958 acc 0.3506 | val loss 2.1444 acc 0.4250 | 442.7s
  -> New best val acc: 0.4250
Epoch  14/70 | lr 1.91e-04 | train loss 2.4292 acc 0.3664 | val loss 2.1629 acc 0.4228 | 534.6s
Epoch  15/70 | lr 1.89e-04 | train loss 2.3549 acc 0.3795 | val loss 2.0183 acc 0.4516 | 539.7s
  -> New best val acc: 0.4516
Epoch  16/70 | lr 1.86e-04 | train loss 2.3145 acc 0.3875 | val loss 1.9976 acc 0.4564 | 392.5s
  -> New best val acc: 0.4564
Epoch  17/70 | lr 1.84e-04 | train loss 2.2506 acc 0.4040 | val loss 1.9866 acc 0.4628 | 391.8s
  -> New best val acc: 0.4628
Epoch  18/70 | lr 1.81e-04 | train loss 2.1956 acc 0.4124 | val loss 1.9078 acc 0.4748 | 492.1s
  -> New best val acc: 0.4748
Epoch  19/70 | lr 1.78e-04 | train loss 2.1503 acc 0.4253 | val loss 1.9195 acc 0.4786 | 544.0s
  -> New best val acc: 0.4786
Epoch  20/70 | lr 1.75e-04 | train loss 2.1107 acc 0.4336 | val loss 1.8645 acc 0.4860 | 483.0s
  -> New best val acc: 0.4860
Epoch  21/70 | lr 1.72e-04 | train loss 2.0570 acc 0.4474 | val loss 1.8126 acc 0.5106 | 392.0s
  -> New best val acc: 0.5106
Epoch  22/70 | lr 1.68e-04 | train loss 2.0086 acc 0.4576 | val loss 1.8332 acc 0.5034 | 398.3s
Epoch  23/70 | lr 1.64e-04 | train loss 1.9667 acc 0.4659 | val loss 1.7823 acc 0.5086 | 544.2s
Epoch  24/70 | lr 1.61e-04 | train loss 1.9306 acc 0.4738 | val loss 1.7287 acc 0.5238 | 532.6s
  -> New best val acc: 0.5238
Epoch  25/70 | lr 1.57e-04 | train loss 1.8811 acc 0.4859 | val loss 1.7351 acc 0.5226 | 425.2s
Epoch  26/70 | lr 1.53e-04 | train loss 1.8462 acc 0.4931 | val loss 1.6792 acc 0.5342 | 414.6s
  -> New best val acc: 0.5342
Epoch  27/70 | lr 1.49e-04 | train loss 1.8057 acc 0.5039 | val loss 1.6301 acc 0.5490 | 535.3s
  -> New best val acc: 0.5490
Epoch  28/70 | lr 1.44e-04 | train loss 1.7637 acc 0.5132 | val loss 1.5925 acc 0.5568 | 539.0s
  -> New best val acc: 0.5568
Epoch  29/70 | lr 1.40e-04 | train loss 1.7231 acc 0.5221 | val loss 1.5980 acc 0.5556 | 410.8s
Epoch  30/70 | lr 1.35e-04 | train loss 1.6884 acc 0.5308 | val loss 1.5302 acc 0.5686 | 413.7s
  -> New best val acc: 0.5686
Epoch  31/70 | lr 1.31e-04 | train loss 1.6384 acc 0.5422 | val loss 1.5196 acc 0.5778 | 537.3s
  -> New best val acc: 0.5778
Epoch  32/70 | lr 1.26e-04 | train loss 1.6083 acc 0.5505 | val loss 1.5439 acc 0.5698 | 539.7s
Epoch  33/70 | lr 1.22e-04 | train loss 1.5709 acc 0.5597 | val loss 1.4934 acc 0.5850 | 412.1s
  -> New best val acc: 0.5850
Epoch  34/70 | lr 1.17e-04 | train loss 1.5292 acc 0.5705 | val loss 1.4463 acc 0.6026 | 413.2s
  -> New best val acc: 0.6026
Epoch  35/70 | lr 1.12e-04 | train loss 1.4968 acc 0.5753 | val loss 1.4647 acc 0.5932 | 538.4s
Epoch  36/70 | lr 1.07e-04 | train loss 1.4638 acc 0.5849 | val loss 1.4215 acc 0.6016 | 539.5s
Epoch  37/70 | lr 1.02e-04 | train loss 1.4307 acc 0.5972 | val loss 1.4472 acc 0.5976 | 413.1s
Epoch  38/70 | lr 9.76e-05 | train loss 1.3784 acc 0.6080 | val loss 1.3947 acc 0.6122 | 435.9s
  -> New best val acc: 0.6122
Epoch  39/70 | lr 9.28e-05 | train loss 1.3543 acc 0.6145 | val loss 1.3833 acc 0.6164 | 534.4s
  -> New best val acc: 0.6164
Epoch  40/70 | lr 8.79e-05 | train loss 1.3258 acc 0.6207 | val loss 1.3532 acc 0.6220 | 544.4s
  -> New best val acc: 0.6220
Epoch  41/70 | lr 8.32e-05 | train loss 1.2877 acc 0.6283 | val loss 1.3466 acc 0.6236 | 393.9s
  -> New best val acc: 0.6236
Epoch  42/70 | lr 7.84e-05 | train loss 1.2443 acc 0.6415 | val loss 1.3455 acc 0.6184 | 462.9s
Epoch  43/70 | lr 7.37e-05 | train loss 1.2209 acc 0.6449 | val loss 1.3328 acc 0.6356 | 539.4s
  -> New best val acc: 0.6356
Epoch  44/70 | lr 6.91e-05 | train loss 1.1936 acc 0.6550 | val loss 1.3049 acc 0.6370 | 511.2s
  -> New best val acc: 0.6370
Epoch  45/70 | lr 6.45e-05 | train loss 1.1666 acc 0.6605 | val loss 1.2846 acc 0.6420 | 391.6s
  -> New best val acc: 0.6420
Epoch  46/70 | lr 6.01e-05 | train loss 1.1207 acc 0.6732 | val loss 1.2798 acc 0.6452 | 391.3s
  -> New best val acc: 0.6452
Epoch  47/70 | lr 5.57e-05 | train loss 1.0989 acc 0.6797 | val loss 1.2681 acc 0.6486 | 542.6s
  -> New best val acc: 0.6486
Epoch  48/70 | lr 5.14e-05 | train loss 1.0655 acc 0.6890 | val loss 1.2862 acc 0.6506 | 543.3s
  -> New best val acc: 0.6506
Epoch  49/70 | lr 4.72e-05 | train loss 1.0494 acc 0.6932 | val loss 1.2571 acc 0.6604 | 540.1s
  -> New best val acc: 0.6604
Epoch  50/70 | lr 4.32e-05 | train loss 1.0236 acc 0.7007 | val loss 1.2486 acc 0.6558 | 554.7s
Epoch  51/70 | lr 3.93e-05 | train loss 0.9917 acc 0.7089 | val loss 1.2536 acc 0.6560 | 555.2s
Epoch  52/70 | lr 3.55e-05 | train loss 0.9725 acc 0.7128 | val loss 1.2325 acc 0.6622 | 555.1s
  -> New best val acc: 0.6622
Epoch  53/70 | lr 3.19e-05 | train loss 0.9469 acc 0.7206 | val loss 1.2310 acc 0.6634 | 555.0s
  -> New best val acc: 0.6634
Epoch  54/70 | lr 2.84e-05 | train loss 0.9348 acc 0.7236 | val loss 1.2213 acc 0.6702 | 530.5s
  -> New best val acc: 0.6702
Epoch  55/70 | lr 2.51e-05 | train loss 0.9056 acc 0.7313 | val loss 1.2237 acc 0.6734 | 392.1s
  -> New best val acc: 0.6734
Epoch  56/70 | lr 2.20e-05 | train loss 0.8956 acc 0.7333 | val loss 1.2124 acc 0.6786 | 482.0s
  -> New best val acc: 0.6786
Epoch  57/70 | lr 1.91e-05 | train loss 0.8649 acc 0.7447 | val loss 1.2129 acc 0.6648 | 554.4s
Epoch  58/70 | lr 1.64e-05 | train loss 0.8489 acc 0.7481 | val loss 1.2215 acc 0.6674 | 543.4s
Epoch  59/70 | lr 1.38e-05 | train loss 0.8416 acc 0.7495 | val loss 1.2054 acc 0.6722 | 537.7s
Epoch  60/70 | lr 1.15e-05 | train loss 0.8262 acc 0.7533 | val loss 1.1960 acc 0.6768 | 541.3s
Epoch  61/70 | lr 9.31e-06 | train loss 0.8094 acc 0.7593 | val loss 1.1997 acc 0.6740 | 550.5s
Epoch  62/70 | lr 7.38e-06 | train loss 0.8094 acc 0.7605 | val loss 1.1942 acc 0.6786 | 403.9s
Epoch  63/70 | lr 5.67e-06 | train loss 0.7982 acc 0.7633 | val loss 1.1975 acc 0.6778 | 391.6s
Epoch  64/70 | lr 4.18e-06 | train loss 0.7956 acc 0.7640 | val loss 1.1913 acc 0.6756 | 472.2s
Epoch  65/70 | lr 2.91e-06 | train loss 0.7818 acc 0.7649 | val loss 1.1895 acc 0.6762 | 540.0s
Epoch  66/70 | lr 1.86e-06 | train loss 0.7881 acc 0.7645 | val loss 1.1886 acc 0.6786 | 499.0s
Early stopping at epoch 66 no improvement for 10 epochs
[1;34mwandb[0m: 
[1;34mwandb[0m: 🚀 View run [33mandorian-think-tank-9[0m at: [34mhttps://wandb.ai/jan-matthias-johns-hopkins-university/CIFAR100-SwinB-Training/runs/3s2cm7pa[0m
[1;34mwandb[0m: Find logs at: [1;35mwandb/run-20260405_232810-3s2cm7pa/logs[0m
