Removing existing environment at /users/jmatthia/deep_learning/env
Creating conda environment at /users/jmatthia/deep_learning/env
Collecting package metadata (current_repodata.json): ...working... done
Solving environment: ...working... done


==> WARNING: A newer version of conda exists. <==
  current version: 23.3.1
  latest version: 26.1.1

Please update conda by running

    $ conda update -n base -c defaults conda

Or to minimize the number of packages updated during conda update use

     conda install conda=26.1.1



## Package Plan ##

  environment location: /users/jmatthia/deep_learning/env

  added / updated specs:
    - python=3.10


The following packages will be downloaded:

    package                    |            build
    ---------------------------|-----------------
    ld_impl_linux-64-2.45.1    |default_hbd61a6d_102         711 KB  conda-forge
    libexpat-2.7.5             |       hecca717_0          75 KB  conda-forge
    libzlib-1.3.2              |       h25fd6f3_2          62 KB  conda-forge
    python-3.10.20             |h3c07f61_0_cpython        24.3 MB  conda-forge
    ------------------------------------------------------------
                                           Total:        25.1 MB

The following NEW packages will be INSTALLED:

  _openmp_mutex      conda-forge/linux-64::_openmp_mutex-4.5-20_gnu 
  bzip2              conda-forge/linux-64::bzip2-1.0.8-hda65f42_9 
  ca-certificates    conda-forge/noarch::ca-certificates-2026.2.25-hbd8a1cb_0 
  ld_impl_linux-64   conda-forge/linux-64::ld_impl_linux-64-2.45.1-default_hbd61a6d_102 
  libexpat           conda-forge/linux-64::libexpat-2.7.5-hecca717_0 
  libffi             conda-forge/linux-64::libffi-3.5.2-h3435931_0 
  libgcc             conda-forge/linux-64::libgcc-15.2.0-he0feb66_18 
  libgcc-ng          conda-forge/linux-64::libgcc-ng-15.2.0-h69a702a_18 
  libgomp            conda-forge/linux-64::libgomp-15.2.0-he0feb66_18 
  liblzma            conda-forge/linux-64::liblzma-5.8.2-hb03c661_0 
  libnsl             conda-forge/linux-64::libnsl-2.0.1-hb9d3cd8_1 
  libsqlite          conda-forge/linux-64::libsqlite-3.52.0-h0c1763c_0 
  libuuid            conda-forge/linux-64::libuuid-2.41.3-h5347b49_0 
  libxcrypt          conda-forge/linux-64::libxcrypt-4.4.36-hd590300_1 
  libzlib            conda-forge/linux-64::libzlib-1.3.2-h25fd6f3_2 
  ncurses            conda-forge/linux-64::ncurses-6.5-h2d0b736_3 
  openssl            conda-forge/linux-64::openssl-3.6.1-h35e630c_1 
  packaging          conda-forge/noarch::packaging-26.0-pyhcf101f3_0 
  pip                conda-forge/noarch::pip-26.0.1-pyh8b19718_0 
  python             conda-forge/linux-64::python-3.10.20-h3c07f61_0_cpython 
  readline           conda-forge/linux-64::readline-8.3-h853b02a_0 
  setuptools         conda-forge/noarch::setuptools-82.0.1-pyh332efcf_0 
  tk                 conda-forge/linux-64::tk-8.6.13-noxft_h366c992_103 
  tzdata             conda-forge/noarch::tzdata-2025c-hc9c84f9_1 
  wheel              conda-forge/noarch::wheel-0.46.3-pyhd8ed1ab_0 
  zstd               conda-forge/linux-64::zstd-1.5.7-hb78ec9c_6 



Downloading and Extracting Packages
ld_impl_linux-64-2.4 | 711 KB    |            |   0% 
python-3.10.20       | 24.3 MB   |            |   0% [A

libzlib-1.3.2        | 62 KB     |            |   0% [A[A


libexpat-2.7.5       | 75 KB     |            |   0% [A[A[A
python-3.10.20       | 24.3 MB   | 6          |   7% [A


libexpat-2.7.5       | 75 KB     | ########## | 100% [A[A[A


libexpat-2.7.5       | 75 KB     | ########## | 100% [A[A[A

libzlib-1.3.2        | 62 KB     | ##5        |  26% [A[Ald_impl_linux-64-2.4 | 711 KB    | ########## | 100% ld_impl_linux-64-2.4 | 711 KB    | ########## | 100% 
python-3.10.20       | 24.3 MB   | ##8        |  28% [A

libzlib-1.3.2        | 62 KB     | ########## | 100% [A[A
python-3.10.20       | 24.3 MB   | ####9      |  50% [A
python-3.10.20       | 24.3 MB   | #######2   |  72% [A
python-3.10.20       | 24.3 MB   | #########4 |  94% [A
python-3.10.20       | 24.3 MB   | ########## | 100% [A                                                     
                                                     [A

                                                     [A[A


                                                     [A[A[A
Preparing transaction: ...working... done
Verifying transaction: ...working... done
Executing transaction: ...working... done
#
# To activate this environment, use
#
#     $ conda activate /users/jmatthia/deep_learning/env
#
# To deactivate an active environment, use
#
#     $ conda deactivate

Activating environment
Installing PyTorch (CUDA 11.8 — adjust if your cluster differs)
Looking in indexes: https://download.pytorch.org/whl/cu118
Collecting torch
  Downloading https://download.pytorch.org/whl/cu118/torch-2.7.1%2Bcu118-cp310-cp310-manylinux_2_28_x86_64.whl.metadata (28 kB)
Collecting torchvision
  Downloading https://download-r2.pytorch.org/whl/cu118/torchvision-0.22.1%2Bcu118-cp310-cp310-manylinux_2_28_x86_64.whl.metadata (6.1 kB)
Collecting torchaudio
  Downloading https://download-r2.pytorch.org/whl/cu118/torchaudio-2.7.1%2Bcu118-cp310-cp310-manylinux_2_28_x86_64.whl.metadata (6.6 kB)
Collecting filelock (from torch)
  Downloading filelock-3.25.2-py3-none-any.whl.metadata (2.0 kB)
Collecting typing-extensions>=4.10.0 (from torch)
  Downloading https://download.pytorch.org/whl/typing_extensions-4.15.0-py3-none-any.whl.metadata (3.3 kB)
Collecting sympy>=1.13.3 (from torch)
  Downloading sympy-1.14.0-py3-none-any.whl.metadata (12 kB)
Collecting networkx (from torch)
  Downloading networkx-3.4.2-py3-none-any.whl.metadata (6.3 kB)
Collecting jinja2 (from torch)
  Downloading https://download.pytorch.org/whl/jinja2-3.1.6-py3-none-any.whl.metadata (2.9 kB)
Collecting fsspec (from torch)
  Downloading fsspec-2026.2.0-py3-none-any.whl.metadata (10 kB)
Collecting nvidia-cuda-nvrtc-cu11==11.8.89 (from torch)
  Downloading https://download.pytorch.org/whl/cu118/nvidia_cuda_nvrtc_cu11-11.8.89-py3-none-manylinux1_x86_64.whl (23.2 MB)
     ━━━━━━━━━━━━━━━━━━━━━━━━━━━━━━━━━━━━━━━━ 23.2/23.2 MB 45.6 MB/s  0:00:00
Collecting nvidia-cuda-runtime-cu11==11.8.89 (from torch)
  Downloading https://download.pytorch.org/whl/cu118/nvidia_cuda_runtime_cu11-11.8.89-py3-none-manylinux1_x86_64.whl (875 kB)
     ━━━━━━━━━━━━━━━━━━━━━━━━━━━━━━━━━━━━━━━━ 875.6/875.6 kB 21.0 MB/s  0:00:00
Collecting nvidia-cuda-cupti-cu11==11.8.87 (from torch)
  Downloading https://download.pytorch.org/whl/cu118/nvidia_cuda_cupti_cu11-11.8.87-py3-none-manylinux1_x86_64.whl (13.1 MB)
     ━━━━━━━━━━━━━━━━━━━━━━━━━━━━━━━━━━━━━━━━ 13.1/13.1 MB 88.4 MB/s  0:00:00
Collecting nvidia-cudnn-cu11==9.1.0.70 (from torch)
  Downloading https://download.pytorch.org/whl/cu118/nvidia_cudnn_cu11-9.1.0.70-py3-none-manylinux2014_x86_64.whl (663.9 MB)
     ━━━━━━━━━━━━━━━━━━━━━━━━━━━━━━━━━━━━━━━━ 663.9/663.9 MB 108.2 MB/s  0:00:03
Collecting nvidia-cublas-cu11==11.11.3.6 (from torch)
  Downloading https://download.pytorch.org/whl/cu118/nvidia_cublas_cu11-11.11.3.6-py3-none-manylinux1_x86_64.whl (417.9 MB)
     ━━━━━━━━━━━━━━━━━━━━━━━━━━━━━━━━━━━━━━━━ 417.9/417.9 MB 149.6 MB/s  0:00:02
Collecting nvidia-cufft-cu11==10.9.0.58 (from torch)
  Downloading https://download.pytorch.org/whl/cu118/nvidia_cufft_cu11-10.9.0.58-py3-none-manylinux1_x86_64.whl (168.4 MB)
     ━━━━━━━━━━━━━━━━━━━━━━━━━━━━━━━━━━━━━━━━ 168.4/168.4 MB 176.9 MB/s  0:00:00
Collecting nvidia-curand-cu11==10.3.0.86 (from torch)
  Downloading https://download.pytorch.org/whl/cu118/nvidia_curand_cu11-10.3.0.86-py3-none-manylinux1_x86_64.whl (58.1 MB)
     ━━━━━━━━━━━━━━━━━━━━━━━━━━━━━━━━━━━━━━━━ 58.1/58.1 MB 139.5 MB/s  0:00:00
Collecting nvidia-cusolver-cu11==11.4.1.48 (from torch)
  Downloading https://download.pytorch.org/whl/cu118/nvidia_cusolver_cu11-11.4.1.48-py3-none-manylinux1_x86_64.whl (128.2 MB)
     ━━━━━━━━━━━━━━━━━━━━━━━━━━━━━━━━━━━━━━━━ 128.2/128.2 MB 173.6 MB/s  0:00:00
Collecting nvidia-cusparse-cu11==11.7.5.86 (from torch)
  Downloading https://download.pytorch.org/whl/cu118/nvidia_cusparse_cu11-11.7.5.86-py3-none-manylinux1_x86_64.whl (204.1 MB)
     ━━━━━━━━━━━━━━━━━━━━━━━━━━━━━━━━━━━━━━━━ 204.1/204.1 MB 197.7 MB/s  0:00:01
Collecting nvidia-nccl-cu11==2.21.5 (from torch)
  Downloading https://download.pytorch.org/whl/cu118/nvidia_nccl_cu11-2.21.5-py3-none-manylinux2014_x86_64.whl (147.8 MB)
     ━━━━━━━━━━━━━━━━━━━━━━━━━━━━━━━━━━━━━━━━ 147.8/147.8 MB 197.1 MB/s  0:00:00
Collecting nvidia-nvtx-cu11==11.8.86 (from torch)
  Downloading https://download.pytorch.org/whl/cu118/nvidia_nvtx_cu11-11.8.86-py3-none-manylinux1_x86_64.whl (99 kB)
Collecting triton==3.3.1 (from torch)
  Downloading https://download.pytorch.org/whl/triton-3.3.1-cp310-cp310-manylinux_2_27_x86_64.manylinux_2_28_x86_64.whl.metadata (1.5 kB)
Requirement already satisfied: setuptools>=40.8.0 in /users/jmatthia/deep_learning/env/lib/python3.10/site-packages (from triton==3.3.1->torch) (82.0.1)
Collecting numpy (from torchvision)
  Downloading numpy-2.2.6-cp310-cp310-manylinux_2_17_x86_64.manylinux2014_x86_64.whl.metadata (62 kB)
Collecting pillow!=8.3.*,>=5.3.0 (from torchvision)
  Downloading pillow-12.1.1-cp310-cp310-manylinux_2_27_x86_64.manylinux_2_28_x86_64.whl.metadata (8.8 kB)
Collecting mpmath<1.4,>=1.1.0 (from sympy>=1.13.3->torch)
  Downloading mpmath-1.3.0-py3-none-any.whl.metadata (8.6 kB)
Collecting MarkupSafe>=2.0 (from jinja2->torch)
  Downloading https://download.pytorch.org/whl/markupsafe-3.0.3-cp310-cp310-manylinux2014_x86_64.manylinux_2_17_x86_64.manylinux_2_28_x86_64.whl.metadata (2.7 kB)
Downloading https://download.pytorch.org/whl/cu118/torch-2.7.1%2Bcu118-cp310-cp310-manylinux_2_28_x86_64.whl (905.3 MB)
   ━━━━━━━━━━━━━━━━━━━━━━━━━━━━━━━━━━━━━━━━ 905.3/905.3 MB 69.8 MB/s  0:00:05
Downloading https://download.pytorch.org/whl/triton-3.3.1-cp310-cp310-manylinux_2_27_x86_64.manylinux_2_28_x86_64.whl (155.6 MB)
   ━━━━━━━━━━━━━━━━━━━━━━━━━━━━━━━━━━━━━━━━ 155.6/155.6 MB 161.3 MB/s  0:00:00
Downloading https://download-r2.pytorch.org/whl/cu118/torchvision-0.22.1%2Bcu118-cp310-cp310-manylinux_2_28_x86_64.whl (6.7 MB)
   ━━━━━━━━━━━━━━━━━━━━━━━━━━━━━━━━━━━━━━━━ 6.7/6.7 MB 43.9 MB/s  0:00:00
Downloading https://download-r2.pytorch.org/whl/cu118/torchaudio-2.7.1%2Bcu118-cp310-cp310-manylinux_2_28_x86_64.whl (3.3 MB)
   ━━━━━━━━━━━━━━━━━━━━━━━━━━━━━━━━━━━━━━━━ 3.3/3.3 MB 39.6 MB/s  0:00:00
Downloading pillow-12.1.1-cp310-cp310-manylinux_2_27_x86_64.manylinux_2_28_x86_64.whl (7.0 MB)
   ━━━━━━━━━━━━━━━━━━━━━━━━━━━━━━━━━━━━━━━━ 7.0/7.0 MB 44.1 MB/s  0:00:00
Downloading sympy-1.14.0-py3-none-any.whl (6.3 MB)
   ━━━━━━━━━━━━━━━━━━━━━━━━━━━━━━━━━━━━━━━━ 6.3/6.3 MB 44.1 MB/s  0:00:00
Downloading mpmath-1.3.0-py3-none-any.whl (536 kB)
   ━━━━━━━━━━━━━━━━━━━━━━━━━━━━━━━━━━━━━━━━ 536.2/536.2 kB 13.5 MB/s  0:00:00
Downloading https://download.pytorch.org/whl/typing_extensions-4.15.0-py3-none-any.whl (44 kB)
Downloading filelock-3.25.2-py3-none-any.whl (26 kB)
Downloading fsspec-2026.2.0-py3-none-any.whl (202 kB)
Downloading https://download.pytorch.org/whl/jinja2-3.1.6-py3-none-any.whl (134 kB)
Downloading https://download.pytorch.org/whl/markupsafe-3.0.3-cp310-cp310-manylinux2014_x86_64.manylinux_2_17_x86_64.manylinux_2_28_x86_64.whl (20 kB)
Downloading networkx-3.4.2-py3-none-any.whl (1.7 MB)
   ━━━━━━━━━━━━━━━━━━━━━━━━━━━━━━━━━━━━━━━━ 1.7/1.7 MB 33.1 MB/s  0:00:00
Downloading numpy-2.2.6-cp310-cp310-manylinux_2_17_x86_64.manylinux2014_x86_64.whl (16.8 MB)
   ━━━━━━━━━━━━━━━━━━━━━━━━━━━━━━━━━━━━━━━━ 16.8/16.8 MB 47.0 MB/s  0:00:00
Installing collected packages: mpmath, typing-extensions, triton, sympy, pillow, nvidia-nvtx-cu11, nvidia-nccl-cu11, nvidia-cusparse-cu11, nvidia-curand-cu11, nvidia-cufft-cu11, nvidia-cuda-runtime-cu11, nvidia-cuda-nvrtc-cu11, nvidia-cuda-cupti-cu11, nvidia-cublas-cu11, numpy, networkx, MarkupSafe, fsspec, filelock, nvidia-cusolver-cu11, nvidia-cudnn-cu11, jinja2, torch, torchvision, torchaudio

Successfully installed MarkupSafe-3.0.3 filelock-3.25.2 fsspec-2026.2.0 jinja2-3.1.6 mpmath-1.3.0 networkx-3.4.2 numpy-2.2.6 nvidia-cublas-cu11-11.11.3.6 nvidia-cuda-cupti-cu11-11.8.87 nvidia-cuda-nvrtc-cu11-11.8.89 nvidia-cuda-runtime-cu11-11.8.89 nvidia-cudnn-cu11-9.1.0.70 nvidia-cufft-cu11-10.9.0.58 nvidia-curand-cu11-10.3.0.86 nvidia-cusolver-cu11-11.4.1.48 nvidia-cusparse-cu11-11.7.5.86 nvidia-nccl-cu11-2.21.5 nvidia-nvtx-cu11-11.8.86 pillow-12.1.1 sympy-1.14.0 torch-2.7.1+cu118 torchaudio-2.7.1+cu118 torchvision-0.22.1+cu118 triton-3.3.1 typing-extensions-4.15.0
Installing additional dependencies
Collecting matplotlib
  Downloading matplotlib-3.10.8-cp310-cp310-manylinux2014_x86_64.manylinux_2_17_x86_64.whl.metadata (52 kB)
Requirement already satisfied: numpy in /users/jmatthia/deep_learning/env/lib/python3.10/site-packages (2.2.6)
Collecting tqdm
  Downloading tqdm-4.67.3-py3-none-any.whl.metadata (57 kB)
Collecting scikit-learn
  Downloading scikit_learn-1.7.2-cp310-cp310-manylinux2014_x86_64.manylinux_2_17_x86_64.whl.metadata (11 kB)
Collecting contourpy>=1.0.1 (from matplotlib)
  Downloading contourpy-1.3.2-cp310-cp310-manylinux_2_17_x86_64.manylinux2014_x86_64.whl.metadata (5.5 kB)
Collecting cycler>=0.10 (from matplotlib)
  Downloading cycler-0.12.1-py3-none-any.whl.metadata (3.8 kB)
Collecting fonttools>=4.22.0 (from matplotlib)
  Downloading fonttools-4.62.1-cp310-cp310-manylinux2014_x86_64.manylinux_2_17_x86_64.whl.metadata (117 kB)
Collecting kiwisolver>=1.3.1 (from matplotlib)
  Downloading kiwisolver-1.5.0-cp310-cp310-manylinux_2_12_x86_64.manylinux2010_x86_64.whl.metadata (5.1 kB)
Requirement already satisfied: packaging>=20.0 in /users/jmatthia/deep_learning/env/lib/python3.10/site-packages (from matplotlib) (26.0)
Requirement already satisfied: pillow>=8 in /users/jmatthia/deep_learning/env/lib/python3.10/site-packages (from matplotlib) (12.1.1)
Collecting pyparsing>=3 (from matplotlib)
  Downloading pyparsing-3.3.2-py3-none-any.whl.metadata (5.8 kB)
Collecting python-dateutil>=2.7 (from matplotlib)
  Downloading python_dateutil-2.9.0.post0-py2.py3-none-any.whl.metadata (8.4 kB)
Collecting scipy>=1.8.0 (from scikit-learn)
  Downloading scipy-1.15.3-cp310-cp310-manylinux_2_17_x86_64.manylinux2014_x86_64.whl.metadata (61 kB)
Collecting joblib>=1.2.0 (from scikit-learn)
  Downloading joblib-1.5.3-py3-none-any.whl.metadata (5.5 kB)
Collecting threadpoolctl>=3.1.0 (from scikit-learn)
  Downloading threadpoolctl-3.6.0-py3-none-any.whl.metadata (13 kB)
Collecting six>=1.5 (from python-dateutil>=2.7->matplotlib)
  Downloading six-1.17.0-py2.py3-none-any.whl.metadata (1.7 kB)
Downloading matplotlib-3.10.8-cp310-cp310-manylinux2014_x86_64.manylinux_2_17_x86_64.whl (8.7 MB)
   ━━━━━━━━━━━━━━━━━━━━━━━━━━━━━━━━━━━━━━━━ 8.7/8.7 MB 45.0 MB/s  0:00:00
Downloading tqdm-4.67.3-py3-none-any.whl (78 kB)
Downloading scikit_learn-1.7.2-cp310-cp310-manylinux2014_x86_64.manylinux_2_17_x86_64.whl (9.7 MB)
   ━━━━━━━━━━━━━━━━━━━━━━━━━━━━━━━━━━━━━━━━ 9.7/9.7 MB 101.3 MB/s  0:00:00
Downloading contourpy-1.3.2-cp310-cp310-manylinux_2_17_x86_64.manylinux2014_x86_64.whl (325 kB)
Downloading cycler-0.12.1-py3-none-any.whl (8.3 kB)
Downloading fonttools-4.62.1-cp310-cp310-manylinux2014_x86_64.manylinux_2_17_x86_64.whl (4.9 MB)
   ━━━━━━━━━━━━━━━━━━━━━━━━━━━━━━━━━━━━━━━━ 4.9/4.9 MB 95.0 MB/s  0:00:00
Downloading joblib-1.5.3-py3-none-any.whl (309 kB)
Downloading kiwisolver-1.5.0-cp310-cp310-manylinux_2_12_x86_64.manylinux2010_x86_64.whl (1.6 MB)
   ━━━━━━━━━━━━━━━━━━━━━━━━━━━━━━━━━━━━━━━━ 1.6/1.6 MB 55.0 MB/s  0:00:00
Downloading pyparsing-3.3.2-py3-none-any.whl (122 kB)
Downloading python_dateutil-2.9.0.post0-py2.py3-none-any.whl (229 kB)
Downloading scipy-1.15.3-cp310-cp310-manylinux_2_17_x86_64.manylinux2014_x86_64.whl (37.7 MB)
   ━━━━━━━━━━━━━━━━━━━━━━━━━━━━━━━━━━━━━━━━ 37.7/37.7 MB 161.9 MB/s  0:00:00
Downloading six-1.17.0-py2.py3-none-any.whl (11 kB)
Downloading threadpoolctl-3.6.0-py3-none-any.whl (18 kB)
Installing collected packages: tqdm, threadpoolctl, six, scipy, pyparsing, kiwisolver, joblib, fonttools, cycler, contourpy, scikit-learn, python-dateutil, matplotlib

Successfully installed contourpy-1.3.2 cycler-0.12.1 fonttools-4.62.1 joblib-1.5.3 kiwisolver-1.5.0 matplotlib-3.10.8 pyparsing-3.3.2 python-dateutil-2.9.0.post0 scikit-learn-1.7.2 scipy-1.15.3 six-1.17.0 threadpoolctl-3.6.0 tqdm-4.67.3
Environment created at: /users/jmatthia/deep_learning/env
Activate with: conda activate /users/jmatthia/deep_learning/env
