Found 14 SMILES from CSV
Loading QM9 dataset from /home/jmatthi2/deep_learning/COMET/schnet/qm9_data...
Loading pretrained SchNet weights...
Model loaded.

[1/14] OK  dim=128  atoms=149  OCCCCN(CCCCCCOC(C(CCCCCC)CCCCCCCC)=O)CCCCCCOC(C(CC...
[2/14] OK  dim=128  atoms=125  CCCCC/C=C\\C/C=C\\CCCCCCCCC1(OC(CCN(C)C)CO1)CCCCCC...
[3/14] OK  dim=128  atoms=125  CCCCCC=CCC=CCCCCCCCCC(CCCCCCCCC=CCC=CCCCCC)OC(=O)C...
[4/14] OK  dim=128  atoms=137  OCCN(CCCCCCCC(OC(CCCCCCCC)CCCCCCCC)=O)CCCCCC(OCCCC...
[5/14] OK  dim=128  atoms=225  OC(CCCCCCCCCC)CN(CCN(CC(CCCCCCCCCC)O)CC(CCCCCCCCCC...
[6/14] OK  dim=128  atoms=123  CN(C)CCCC(OC(CCCCCCCC(OC/C=C\\CCCCCC)=O)CCCCCCCC(O...
[7/14] OK  dim=128  atoms=190  O=C1NC(CCCCN(CC(CCCCCCCCCC)O)CC(CCCCCCCCCC)O)C(NC1...
[8/14] OK  dim=128  atoms=129  CCCCCCCCC=CCCCCCCCC(=O)OCC(COP(=O)(O)OCCN)OC(=O)CC...
[9/14] OK  dim=128  atoms=142  CCCCCCCCCCCCCCCCCC(=O)OCC(COP(=O)([O-])OCC[N+](C)(...
[10/14] OK  dim=128  atoms=74  CC(C)CCCC(C)C1CCC2C1(CCC3C2CC=C4C3(CCC(C4)O)C)C...
[11/14] OK  dim=128  atoms=94  CC(C)CCCC(C)C1CCC2C1(CCC3C2CC=C4C3(CCC(C4)OC(=O)NC...  (2 fragments, averaged)
[12/14] OK  dim=128  atoms=80  CCC(CCC(C)C1CCC2C1(CCC3C2CC=C4C3(CCC(C4)O)C)C)C(C)...
[13/14] OK  dim=128  atoms=126  CCCCCCCCCCCCCC(=O)OCC(COP(=O)(O)OCCNC(=O)OCCOC)OC(...  (2 fragments, averaged)
[14/14] OK  dim=128  atoms=150  CCCCCCCCCCCCCCCCCC(=O)OCC(COP(=O)(O)OCCNC(=O)OCCOC...  (2 fragments, averaged)

Done. 14 embeddings saved to /home/jmatthi2/deep_learning/COMET/schnet/schnet_lipid_embeddings.npy
0 failed.
