wandb: [wandb.login()] Loaded credentials for https://api.wandb.ai from WANDB_API_KEY.
wandb: Currently logged in as: jan-matthias (jan-matthias-johns-hopkins-university) to https://api.wandb.ai. Use `wandb login --relogin` to force relogin
wandb: Tracking run with wandb version 0.25.1
wandb: Run data is saved locally in /users/jmatthia/deep_learning/code/assignment_6/wandb/run-20260412_131719-h5top41o
wandb: Run `wandb offline` to turn off syncing.
wandb: Syncing run DQN_lr0.0001_bs64_gamma0.99
wandb: ‚≠źÔłŹ View project at https://wandb.ai/jan-matthias-johns-hopkins-university/DQN-CartPole
wandb: ūüöÄ View run at https://wandb.ai/jan-matthias-johns-hopkins-university/DQN-CartPole/runs/h5top41o
wandb: updating run metadata
wandb: 
wandb: Run history:
wandb:          avg_loss ‚ĖĀ‚ĖĀ‚ĖĀ‚ĖĀ‚ĖĀ‚ĖĀ‚ĖĀ‚Ėā‚ĖĀ‚ĖÉ‚Ėā‚ĖĄ‚ĖÉ‚ĖÉ‚ĖĄ‚ĖĄ‚ĖĄ‚ĖÉ‚Ėā‚Ėā‚ĖĀ‚ĖĀ‚ĖĀ‚ĖÖ‚ĖÜ‚ĖÜ‚Ėą‚ĖÜ‚ĖÜ‚Ėá‚ĖÖ‚ĖÖ‚ĖÉ‚ĖĄ‚ĖĄ‚ĖĄ‚ĖĄ‚ĖÉ‚Ėā‚ĖÉ
wandb:    avg_reward_100 ‚ĖĀ‚ĖĀ‚ĖĀ‚ĖĀ‚ĖĀ‚ĖĀ‚ĖĀ‚ĖĀ‚ĖĀ‚ĖĀ‚ĖĀ‚ĖĀ‚ĖÉ‚ĖÉ‚ĖÜ‚Ėá‚Ėą‚Ėą‚Ėą‚Ėá‚Ėá‚Ėą‚Ėą‚Ėą‚Ėą‚Ėá‚Ėá‚ĖÜ‚ĖÜ‚Ėá‚ĖÜ‚ĖÜ‚ĖÜ‚ĖÜ‚ĖÜ‚ĖÜ‚ĖÜ‚ĖÜ‚ĖÜ‚ĖÜ
wandb:  best_eval_reward ‚ĖĀ‚ĖĀ‚ĖĀ‚ĖĀ‚ĖĄ‚Ėá‚Ėá‚Ėą
wandb:       buffer_size ‚ĖĀ‚ĖĀ‚Ėā‚Ėā‚Ėā‚Ėā‚Ėā‚Ėā‚Ėā‚Ėā‚Ėā‚Ėā‚Ėā‚Ėā‚ĖÉ‚ĖÉ‚ĖĄ‚ĖÖ‚ĖÖ‚Ėá‚Ėą‚Ėą‚Ėą‚Ėą‚Ėą‚Ėą‚Ėą‚Ėą‚Ėą‚Ėą‚Ėą‚Ėą‚Ėą‚Ėą‚Ėą‚Ėą‚Ėą‚Ėą‚Ėą‚Ėą
wandb:           episode ‚ĖĀ‚ĖĀ‚ĖĀ‚ĖĀ‚ĖĀ‚Ėā‚Ėā‚Ėā‚Ėā‚Ėā‚Ėā‚Ėā‚ĖÉ‚ĖÉ‚ĖÉ‚ĖÉ‚ĖÉ‚ĖĄ‚ĖĄ‚ĖĄ‚ĖĄ‚ĖĄ‚ĖĄ‚ĖĄ‚ĖÖ‚ĖÖ‚ĖÖ‚ĖÜ‚ĖÜ‚ĖÜ‚Ėá‚Ėá‚Ėá‚Ėá‚Ėá‚Ėą‚Ėą‚Ėą‚Ėą‚Ėą
wandb:    episode_reward ‚ĖĀ‚ĖĀ‚ĖĀ‚ĖĀ‚ĖĀ‚ĖĀ‚ĖĀ‚ĖĀ‚ĖĀ‚ĖĀ‚ĖĀ‚ĖĀ‚ĖĀ‚ĖĀ‚ĖÖ‚Ėą‚ĖĄ‚ĖĄ‚ĖÉ‚ĖĄ‚ĖĄ‚ĖĄ‚ĖÖ‚ĖÖ‚ĖĄ‚ĖĄ‚ĖĄ‚ĖĄ‚ĖĄ‚ĖÉ‚ĖÉ‚ĖÉ‚ĖĄ‚ĖÖ‚ĖĄ‚ĖÉ‚ĖĄ‚ĖÉ‚ĖĄ‚ĖĄ
wandb:           epsilon ‚Ėą‚ĖÜ‚ĖÖ‚ĖÖ‚ĖÖ‚ĖĄ‚ĖÉ‚ĖÉ‚ĖÉ‚ĖÉ‚Ėā‚ĖĀ‚ĖĀ‚ĖĀ‚ĖĀ‚ĖĀ‚ĖĀ‚ĖĀ‚ĖĀ‚ĖĀ‚ĖĀ‚ĖĀ‚ĖĀ‚ĖĀ‚ĖĀ‚ĖĀ‚ĖĀ‚ĖĀ‚ĖĀ‚ĖĀ‚ĖĀ‚ĖĀ‚ĖĀ‚ĖĀ‚ĖĀ‚ĖĀ‚ĖĀ‚ĖĀ‚ĖĀ‚ĖĀ
wandb:   eval_avg_reward ‚ĖĀ‚ĖĀ‚ĖĀ‚ĖĀ‚ĖĀ‚ĖĀ‚ĖĀ‚ĖĀ‚ĖĀ‚ĖĀ‚ĖĄ‚Ėá‚Ėá‚Ėá‚Ėá‚ĖÜ‚ĖÜ‚Ėá‚Ėą‚Ėá‚Ėą‚Ėá‚Ėą‚ĖÜ‚ĖÜ‚ĖÜ‚Ėá‚ĖÜ‚Ėá‚ĖÜ‚ĖÖ‚ĖÜ‚ĖÖ‚ĖÜ‚ĖÖ‚ĖÖ‚ĖÖ‚ĖÜ‚ĖÜ‚ĖÖ
wandb: final_eval_reward ‚ĖĀ
wandb:       total_steps ‚ĖĀ‚ĖĀ‚ĖĀ‚ĖĀ‚ĖĀ‚ĖĀ‚ĖĀ‚ĖĀ‚ĖĀ‚ĖĀ‚ĖĀ‚ĖĀ‚ĖĀ‚ĖĀ‚ĖĀ‚ĖĀ‚ĖĀ‚ĖĀ‚Ėā‚Ėā‚ĖÉ‚ĖĄ‚ĖĄ‚ĖĄ‚ĖĄ‚ĖĄ‚ĖÖ‚ĖÖ‚ĖÖ‚ĖÖ‚ĖÜ‚ĖÜ‚ĖÜ‚Ėá‚Ėá‚Ėá‚Ėá‚Ėá‚Ėą‚Ėą
wandb: 
wandb: Run summary:
wandb:          avg_loss 0.99722
wandb:    avg_reward_100 158.72
wandb:  best_eval_reward 254.6
wandb:       buffer_size 10000
wandb:           episode 800
wandb:    episode_reward 159
wandb:           epsilon 0.01
wandb:   eval_avg_reward 158.5
wandb: final_eval_reward 161.85
wandb:       total_steps 110823
wandb: 
wandb: ūüöÄ View run DQN_lr0.0001_bs64_gamma0.99 at: https://wandb.ai/jan-matthias-johns-hopkins-university/DQN-CartPole/runs/h5top41o
wandb: ‚≠źÔłŹ View project at: https://wandb.ai/jan-matthias-johns-hopkins-university/DQN-CartPole
wandb: Synced 5 W&B file(s), 0 media file(s), 0 artifact file(s) and 0 other file(s)
wandb: Find logs at: ./wandb/run-20260412_131719-h5top41o/logs
