============================================
Setting up 3D Infomax
============================================
Repo already cloned at /home/jmatthi2/deep_learning/COMET/3dinfomax/3DInfomax
Removing old environment...

Remove all packages in environment /home/jmatthi2/deep_learning/env_3dinfomax:


Creating conda environment at /home/jmatthi2/deep_learning/env_3dinfomax...

Channels:
 - defaults
Platform: linux-64
Collecting package metadata (repodata.json): ...working... done
Solving environment: ...working... done

## Package Plan ##

  environment location: /home/jmatthi2/deep_learning/env_3dinfomax

  added / updated specs:
    - python=3.9


The following packages will be downloaded:

    package                    |            build
    ---------------------------|-----------------
    expat-2.7.5                |       h7354ed3_0          24 KB
    python-3.9.25              |       h0dcde21_1        23.0 MB
    setuptools-80.9.0          |   py39h06a4308_0         1.4 MB
    wheel-0.45.1               |   py39h06a4308_0         114 KB
    ------------------------------------------------------------
                                           Total:        24.6 MB

The following NEW packages will be INSTALLED:

  _libgcc_mutex      pkgs/main/linux-64::_libgcc_mutex-0.1-main 
  _openmp_mutex      pkgs/main/linux-64::_openmp_mutex-5.1-1_gnu 
  bzip2              pkgs/main/linux-64::bzip2-1.0.8-h5eee18b_6 
  ca-certificates    pkgs/main/linux-64::ca-certificates-2026.3.19-h06a4308_0 
  expat              pkgs/main/linux-64::expat-2.7.5-h7354ed3_0 
  ld_impl_linux-64   pkgs/main/linux-64::ld_impl_linux-64-2.44-h9e0c5a2_3 
  libexpat           pkgs/main/linux-64::libexpat-2.7.5-h7354ed3_0 
  libffi             pkgs/main/linux-64::libffi-3.4.4-h6a678d5_1 
  libgcc             pkgs/main/linux-64::libgcc-15.2.0-h69a1729_7 
  libgcc-ng          pkgs/main/linux-64::libgcc-ng-15.2.0-h166f726_7 
  libgomp            pkgs/main/linux-64::libgomp-15.2.0-h4751f2c_7 
  libnsl             pkgs/main/linux-64::libnsl-2.0.0-h5eee18b_0 
  libstdcxx          pkgs/main/linux-64::libstdcxx-15.2.0-h39759b7_7 
  libstdcxx-ng       pkgs/main/linux-64::libstdcxx-ng-15.2.0-hc03a8fd_7 
  libuuid            pkgs/main/linux-64::libuuid-1.41.5-h5eee18b_0 
  libxcb             pkgs/main/linux-64::libxcb-1.17.0-h9b100fa_0 
  libzlib            pkgs/main/linux-64::libzlib-1.3.1-hb25bd0a_0 
  ncurses            pkgs/main/linux-64::ncurses-6.5-h7934f7d_0 
  openssl            pkgs/main/linux-64::openssl-3.5.5-h1b28b03_0 
  pip                pkgs/main/noarch::pip-26.0.1-pyhc872135_1 
  pthread-stubs      pkgs/main/linux-64::pthread-stubs-0.3-h0ce48e5_1 
  python             pkgs/main/linux-64::python-3.9.25-h0dcde21_1 
  readline           pkgs/main/linux-64::readline-8.3-hc2a1206_0 
  setuptools         pkgs/main/linux-64::setuptools-80.9.0-py39h06a4308_0 
  sqlite             pkgs/main/linux-64::sqlite-3.51.2-h3e8d24a_0 
  tk                 pkgs/main/linux-64::tk-8.6.15-h54e0aa7_0 
  tzdata             pkgs/main/noarch::tzdata-2026a-he532380_0 
  wheel              pkgs/main/linux-64::wheel-0.45.1-py39h06a4308_0 
  xorg-libx11        pkgs/main/linux-64::xorg-libx11-1.8.12-h9b100fa_1 
  xorg-libxau        pkgs/main/linux-64::xorg-libxau-1.0.12-h9b100fa_0 
  xorg-libxdmcp      pkgs/main/linux-64::xorg-libxdmcp-1.1.5-h9b100fa_0 
  xorg-xorgproto     pkgs/main/linux-64::xorg-xorgproto-2024.1-h5eee18b_1 
  xz                 pkgs/main/linux-64::xz-5.8.2-h448239c_0 
  zlib               pkgs/main/linux-64::zlib-1.3.1-hb25bd0a_0 



Downloading and Extracting Packages: ...working... done
Preparing transaction: ...working... done
Verifying transaction: ...working... done
Executing transaction: ...working... done
#
# To activate this environment, use
#
#     $ conda activate /home/jmatthi2/deep_learning/env_3dinfomax
#
# To deactivate an active environment, use
#
#     $ conda deactivate

Looking in links: https://download.pytorch.org/whl/cpu/torch_stable.html
Collecting torch==1.13.1+cpu
  Downloading https://download.pytorch.org/whl/cpu/torch-1.13.1%2Bcpu-cp39-cp39-linux_x86_64.whl (199.1 MB)
     ━━━━━━━━━━━━━━━━━━━━━━━━━━━━━━━━━━━━━━━━ 199.1/199.1 MB 298.3 MB/s  0:00:00
Collecting torchvision==0.14.1+cpu
  Downloading https://download.pytorch.org/whl/cpu/torchvision-0.14.1%2Bcpu-cp39-cp39-linux_x86_64.whl (16.8 MB)
     ━━━━━━━━━━━━━━━━━━━━━━━━━━━━━━━━━━━━━━━━ 16.8/16.8 MB 261.4 MB/s  0:00:00
Collecting typing-extensions (from torch==1.13.1+cpu)
  Downloading typing_extensions-4.15.0-py3-none-any.whl.metadata (3.3 kB)
Collecting numpy (from torchvision==0.14.1+cpu)
  Downloading numpy-2.0.2-cp39-cp39-manylinux_2_17_x86_64.manylinux2014_x86_64.whl.metadata (60 kB)
Collecting requests (from torchvision==0.14.1+cpu)
  Downloading requests-2.32.5-py3-none-any.whl.metadata (4.9 kB)
Collecting pillow!=8.3.*,>=5.3.0 (from torchvision==0.14.1+cpu)
  Downloading pillow-11.3.0-cp39-cp39-manylinux_2_27_x86_64.manylinux_2_28_x86_64.whl.metadata (9.0 kB)
Collecting charset_normalizer<4,>=2 (from requests->torchvision==0.14.1+cpu)
  Downloading charset_normalizer-3.4.7-cp39-cp39-manylinux2014_x86_64.manylinux_2_17_x86_64.manylinux_2_28_x86_64.whl.metadata (40 kB)
Collecting idna<4,>=2.5 (from requests->torchvision==0.14.1+cpu)
  Using cached idna-3.11-py3-none-any.whl.metadata (8.4 kB)
Collecting urllib3<3,>=1.21.1 (from requests->torchvision==0.14.1+cpu)
  Using cached urllib3-2.6.3-py3-none-any.whl.metadata (6.9 kB)
Collecting certifi>=2017.4.17 (from requests->torchvision==0.14.1+cpu)
  Using cached certifi-2026.2.25-py3-none-any.whl.metadata (2.5 kB)
Downloading pillow-11.3.0-cp39-cp39-manylinux_2_27_x86_64.manylinux_2_28_x86_64.whl (6.6 MB)
   ━━━━━━━━━━━━━━━━━━━━━━━━━━━━━━━━━━━━━━━━ 6.6/6.6 MB 137.1 MB/s  0:00:00
Downloading numpy-2.0.2-cp39-cp39-manylinux_2_17_x86_64.manylinux2014_x86_64.whl (19.5 MB)
   ━━━━━━━━━━━━━━━━━━━━━━━━━━━━━━━━━━━━━━━━ 19.5/19.5 MB 313.3 MB/s  0:00:00
Downloading requests-2.32.5-py3-none-any.whl (64 kB)
Downloading charset_normalizer-3.4.7-cp39-cp39-manylinux2014_x86_64.manylinux_2_17_x86_64.manylinux_2_28_x86_64.whl (208 kB)
Using cached idna-3.11-py3-none-any.whl (71 kB)
Using cached urllib3-2.6.3-py3-none-any.whl (131 kB)
Using cached certifi-2026.2.25-py3-none-any.whl (153 kB)
Downloading typing_extensions-4.15.0-py3-none-any.whl (44 kB)
Installing collected packages: urllib3, typing-extensions, pillow, numpy, idna, charset_normalizer, certifi, torch, requests, torchvision

Successfully installed certifi-2026.2.25 charset_normalizer-3.4.7 idna-3.11 numpy-2.0.2 pillow-11.3.0 requests-2.32.5 torch-1.13.1+cpu torchvision-0.14.1+cpu typing-extensions-4.15.0 urllib3-2.6.3
Looking in links: https://data.pyg.org/whl/torch-1.13.1+cpu.html
Collecting torch_scatter
  Downloading torch_scatter-2.1.2.tar.gz (108 kB)
  Installing build dependencies: started
  Installing build dependencies: finished with status 'done'
  Getting requirements to build wheel: started
  Getting requirements to build wheel: finished with status 'error'
Collecting torch_geometric==2.3.1
  Downloading torch_geometric-2.3.1.tar.gz (661 kB)
     ━━━━━━━━━━━━━━━━━━━━━━━━━━━━━━━━━━━━━━━━ 661.6/661.6 kB 33.2 MB/s  0:00:00
  Installing build dependencies: started
  Installing build dependencies: finished with status 'done'
  Getting requirements to build wheel: started
  Getting requirements to build wheel: finished with status 'done'
  Preparing metadata (pyproject.toml): started
  Preparing metadata (pyproject.toml): finished with status 'done'
Collecting tqdm (from torch_geometric==2.3.1)
  Using cached tqdm-4.67.3-py3-none-any.whl.metadata (57 kB)
Requirement already satisfied: numpy in /weka/home/jmatthi2/deep_learning/env_3dinfomax/lib/python3.9/site-packages (from torch_geometric==2.3.1) (2.0.2)
Collecting scipy (from torch_geometric==2.3.1)
  Downloading scipy-1.13.1-cp39-cp39-manylinux_2_17_x86_64.manylinux2014_x86_64.whl.metadata (60 kB)
Collecting jinja2 (from torch_geometric==2.3.1)
  Using cached jinja2-3.1.6-py3-none-any.whl.metadata (2.9 kB)
Requirement already satisfied: requests in /weka/home/jmatthi2/deep_learning/env_3dinfomax/lib/python3.9/site-packages (from torch_geometric==2.3.1) (2.32.5)
Collecting pyparsing (from torch_geometric==2.3.1)
  Using cached pyparsing-3.3.2-py3-none-any.whl.metadata (5.8 kB)
Collecting scikit-learn (from torch_geometric==2.3.1)
  Downloading scikit_learn-1.6.1-cp39-cp39-manylinux_2_17_x86_64.manylinux2014_x86_64.whl.metadata (18 kB)
Collecting psutil>=5.8.0 (from torch_geometric==2.3.1)
  Using cached psutil-7.2.2-cp36-abi3-manylinux2010_x86_64.manylinux_2_12_x86_64.manylinux_2_28_x86_64.whl.metadata (22 kB)
Collecting MarkupSafe>=2.0 (from jinja2->torch_geometric==2.3.1)
  Downloading markupsafe-3.0.3-cp39-cp39-manylinux2014_x86_64.manylinux_2_17_x86_64.manylinux_2_28_x86_64.whl.metadata (2.7 kB)
Requirement already satisfied: charset_normalizer<4,>=2 in /weka/home/jmatthi2/deep_learning/env_3dinfomax/lib/python3.9/site-packages (from requests->torch_geometric==2.3.1) (3.4.7)
Requirement already satisfied: idna<4,>=2.5 in /weka/home/jmatthi2/deep_learning/env_3dinfomax/lib/python3.9/site-packages (from requests->torch_geometric==2.3.1) (3.11)
Requirement already satisfied: urllib3<3,>=1.21.1 in /weka/home/jmatthi2/deep_learning/env_3dinfomax/lib/python3.9/site-packages (from requests->torch_geometric==2.3.1) (2.6.3)
Requirement already satisfied: certifi>=2017.4.17 in /weka/home/jmatthi2/deep_learning/env_3dinfomax/lib/python3.9/site-packages (from requests->torch_geometric==2.3.1) (2026.2.25)
Collecting joblib>=1.2.0 (from scikit-learn->torch_geometric==2.3.1)
  Using cached joblib-1.5.3-py3-none-any.whl.metadata (5.5 kB)
Collecting threadpoolctl>=3.1.0 (from scikit-learn->torch_geometric==2.3.1)
  Using cached threadpoolctl-3.6.0-py3-none-any.whl.metadata (13 kB)
Using cached psutil-7.2.2-cp36-abi3-manylinux2010_x86_64.manylinux_2_12_x86_64.manylinux_2_28_x86_64.whl (155 kB)
Using cached jinja2-3.1.6-py3-none-any.whl (134 kB)
Downloading markupsafe-3.0.3-cp39-cp39-manylinux2014_x86_64.manylinux_2_17_x86_64.manylinux_2_28_x86_64.whl (20 kB)
Using cached pyparsing-3.3.2-py3-none-any.whl (122 kB)
Downloading scikit_learn-1.6.1-cp39-cp39-manylinux_2_17_x86_64.manylinux2014_x86_64.whl (13.5 MB)
   ━━━━━━━━━━━━━━━━━━━━━━━━━━━━━━━━━━━━━━━━ 13.5/13.5 MB 248.6 MB/s  0:00:00
Using cached joblib-1.5.3-py3-none-any.whl (309 kB)
Downloading scipy-1.13.1-cp39-cp39-manylinux_2_17_x86_64.manylinux2014_x86_64.whl (38.6 MB)
   ━━━━━━━━━━━━━━━━━━━━━━━━━━━━━━━━━━━━━━━━ 38.6/38.6 MB 319.0 MB/s  0:00:00
Using cached threadpoolctl-3.6.0-py3-none-any.whl (18 kB)
Using cached tqdm-4.67.3-py3-none-any.whl (78 kB)
Building wheels for collected packages: torch_geometric
  Building wheel for torch_geometric (pyproject.toml): started
  Building wheel for torch_geometric (pyproject.toml): finished with status 'done'
  Created wheel for torch_geometric: filename=torch_geometric-2.3.1-py3-none-any.whl size=910496 sha256=da84674571de368907399bed80e04d60613c38ec57d08b46bb43241a2f616dfb
  Stored in directory: /weka/home/jmatthi2/.cache/pip/wheels/75/cc/0c/029f33b5cb29c590a061faf5202ea24956388bba7f1af50f2e
Successfully built torch_geometric
Installing collected packages: tqdm, threadpoolctl, scipy, pyparsing, psutil, MarkupSafe, joblib, scikit-learn, jinja2, torch_geometric

Successfully installed MarkupSafe-3.0.3 jinja2-3.1.6 joblib-1.5.3 psutil-7.2.2 pyparsing-3.3.2 scikit-learn-1.6.1 scipy-1.13.1 threadpoolctl-3.6.0 torch_geometric-2.3.1 tqdm-4.67.3
Looking in links: https://data.dgl.ai/wheels/repo.html
Collecting dgl==1.1.3
  Downloading dgl-1.1.3-cp39-cp39-manylinux1_x86_64.whl.metadata (548 bytes)
Requirement already satisfied: numpy>=1.14.0 in /weka/home/jmatthi2/deep_learning/env_3dinfomax/lib/python3.9/site-packages (from dgl==1.1.3) (2.0.2)
Requirement already satisfied: scipy>=1.1.0 in /weka/home/jmatthi2/deep_learning/env_3dinfomax/lib/python3.9/site-packages (from dgl==1.1.3) (1.13.1)
Collecting networkx>=2.1 (from dgl==1.1.3)
  Downloading networkx-3.2.1-py3-none-any.whl.metadata (5.2 kB)
Requirement already satisfied: requests>=2.19.0 in /weka/home/jmatthi2/deep_learning/env_3dinfomax/lib/python3.9/site-packages (from dgl==1.1.3) (2.32.5)
Requirement already satisfied: tqdm in /weka/home/jmatthi2/deep_learning/env_3dinfomax/lib/python3.9/site-packages (from dgl==1.1.3) (4.67.3)
Requirement already satisfied: psutil>=5.8.0 in /weka/home/jmatthi2/deep_learning/env_3dinfomax/lib/python3.9/site-packages (from dgl==1.1.3) (7.2.2)
Requirement already satisfied: charset_normalizer<4,>=2 in /weka/home/jmatthi2/deep_learning/env_3dinfomax/lib/python3.9/site-packages (from requests>=2.19.0->dgl==1.1.3) (3.4.7)
Requirement already satisfied: idna<4,>=2.5 in /weka/home/jmatthi2/deep_learning/env_3dinfomax/lib/python3.9/site-packages (from requests>=2.19.0->dgl==1.1.3) (3.11)
Requirement already satisfied: urllib3<3,>=1.21.1 in /weka/home/jmatthi2/deep_learning/env_3dinfomax/lib/python3.9/site-packages (from requests>=2.19.0->dgl==1.1.3) (2.6.3)
Requirement already satisfied: certifi>=2017.4.17 in /weka/home/jmatthi2/deep_learning/env_3dinfomax/lib/python3.9/site-packages (from requests>=2.19.0->dgl==1.1.3) (2026.2.25)
Downloading dgl-1.1.3-cp39-cp39-manylinux1_x86_64.whl (6.5 MB)
   ━━━━━━━━━━━━━━━━━━━━━━━━━━━━━━━━━━━━━━━━ 6.5/6.5 MB 14.5 MB/s  0:00:00
Downloading networkx-3.2.1-py3-none-any.whl (1.6 MB)
   ━━━━━━━━━━━━━━━━━━━━━━━━━━━━━━━━━━━━━━━━ 1.6/1.6 MB 121.3 MB/s  0:00:00
Installing collected packages: networkx, dgl

Successfully installed dgl-1.1.3 networkx-3.2.1
Collecting ogb==1.3.5
  Downloading ogb-1.3.5-py3-none-any.whl.metadata (6.2 kB)
Requirement already satisfied: torch>=1.6.0 in /weka/home/jmatthi2/deep_learning/env_3dinfomax/lib/python3.9/site-packages (from ogb==1.3.5) (1.13.1+cpu)
Requirement already satisfied: numpy>=1.16.0 in /weka/home/jmatthi2/deep_learning/env_3dinfomax/lib/python3.9/site-packages (from ogb==1.3.5) (2.0.2)
Requirement already satisfied: tqdm>=4.29.0 in /weka/home/jmatthi2/deep_learning/env_3dinfomax/lib/python3.9/site-packages (from ogb==1.3.5) (4.67.3)
Requirement already satisfied: scikit-learn>=0.20.0 in /weka/home/jmatthi2/deep_learning/env_3dinfomax/lib/python3.9/site-packages (from ogb==1.3.5) (1.6.1)
Collecting pandas>=0.24.0 (from ogb==1.3.5)
  Downloading pandas-2.3.3-cp39-cp39-manylinux_2_24_x86_64.manylinux_2_28_x86_64.whl.metadata (91 kB)
Collecting six>=1.12.0 (from ogb==1.3.5)
  Using cached six-1.17.0-py2.py3-none-any.whl.metadata (1.7 kB)
Requirement already satisfied: urllib3>=1.24.0 in /weka/home/jmatthi2/deep_learning/env_3dinfomax/lib/python3.9/site-packages (from ogb==1.3.5) (2.6.3)
Collecting outdated>=0.2.0 (from ogb==1.3.5)
  Using cached outdated-0.2.2-py2.py3-none-any.whl.metadata (4.7 kB)
Requirement already satisfied: setuptools>=44 in /weka/home/jmatthi2/deep_learning/env_3dinfomax/lib/python3.9/site-packages (from outdated>=0.2.0->ogb==1.3.5) (80.9.0)
Collecting littleutils (from outdated>=0.2.0->ogb==1.3.5)
  Using cached littleutils-0.2.4-py3-none-any.whl.metadata (679 bytes)
Requirement already satisfied: requests in /weka/home/jmatthi2/deep_learning/env_3dinfomax/lib/python3.9/site-packages (from outdated>=0.2.0->ogb==1.3.5) (2.32.5)
Collecting python-dateutil>=2.8.2 (from pandas>=0.24.0->ogb==1.3.5)
  Using cached python_dateutil-2.9.0.post0-py2.py3-none-any.whl.metadata (8.4 kB)
Collecting pytz>=2020.1 (from pandas>=0.24.0->ogb==1.3.5)
  Using cached pytz-2026.1.post1-py2.py3-none-any.whl.metadata (22 kB)
Collecting tzdata>=2022.7 (from pandas>=0.24.0->ogb==1.3.5)
  Using cached tzdata-2026.1-py2.py3-none-any.whl.metadata (1.4 kB)
Requirement already satisfied: scipy>=1.6.0 in /weka/home/jmatthi2/deep_learning/env_3dinfomax/lib/python3.9/site-packages (from scikit-learn>=0.20.0->ogb==1.3.5) (1.13.1)
Requirement already satisfied: joblib>=1.2.0 in /weka/home/jmatthi2/deep_learning/env_3dinfomax/lib/python3.9/site-packages (from scikit-learn>=0.20.0->ogb==1.3.5) (1.5.3)
Requirement already satisfied: threadpoolctl>=3.1.0 in /weka/home/jmatthi2/deep_learning/env_3dinfomax/lib/python3.9/site-packages (from scikit-learn>=0.20.0->ogb==1.3.5) (3.6.0)
Requirement already satisfied: typing-extensions in /weka/home/jmatthi2/deep_learning/env_3dinfomax/lib/python3.9/site-packages (from torch>=1.6.0->ogb==1.3.5) (4.15.0)
Requirement already satisfied: charset_normalizer<4,>=2 in /weka/home/jmatthi2/deep_learning/env_3dinfomax/lib/python3.9/site-packages (from requests->outdated>=0.2.0->ogb==1.3.5) (3.4.7)
Requirement already satisfied: idna<4,>=2.5 in /weka/home/jmatthi2/deep_learning/env_3dinfomax/lib/python3.9/site-packages (from requests->outdated>=0.2.0->ogb==1.3.5) (3.11)
Requirement already satisfied: certifi>=2017.4.17 in /weka/home/jmatthi2/deep_learning/env_3dinfomax/lib/python3.9/site-packages (from requests->outdated>=0.2.0->ogb==1.3.5) (2026.2.25)
Downloading ogb-1.3.5-py3-none-any.whl (78 kB)
Using cached outdated-0.2.2-py2.py3-none-any.whl (7.5 kB)
Downloading pandas-2.3.3-cp39-cp39-manylinux_2_24_x86_64.manylinux_2_28_x86_64.whl (12.8 MB)
   ━━━━━━━━━━━━━━━━━━━━━━━━━━━━━━━━━━━━━━━━ 12.8/12.8 MB 260.4 MB/s  0:00:00
Using cached python_dateutil-2.9.0.post0-py2.py3-none-any.whl (229 kB)
Using cached pytz-2026.1.post1-py2.py3-none-any.whl (510 kB)
Using cached six-1.17.0-py2.py3-none-any.whl (11 kB)
Using cached tzdata-2026.1-py2.py3-none-any.whl (348 kB)
Using cached littleutils-0.2.4-py3-none-any.whl (8.1 kB)
Installing collected packages: pytz, tzdata, six, littleutils, python-dateutil, outdated, pandas, ogb

Successfully installed littleutils-0.2.4 ogb-1.3.5 outdated-0.2.2 pandas-2.3.3 python-dateutil-2.9.0.post0 pytz-2026.1.post1 six-1.17.0 tzdata-2026.1
Channels:
 - conda-forge
 - defaults
Platform: linux-64
Collecting package metadata (repodata.json): ...working... done
Solving environment: ...working... done

## Package Plan ##

  environment location: /home/jmatthi2/deep_learning/env_3dinfomax

  added / updated specs:
    - rdkit


The following packages will be downloaded:

    package                    |            build
    ---------------------------|-----------------
    certifi-2025.8.3           |     pyhd8ed1ab_0         155 KB  conda-forge
    charset-normalizer-3.4.3   |     pyhd8ed1ab_0          50 KB  conda-forge
    contourpy-1.3.0            |   py39h74842e3_2         256 KB  conda-forge
    cycler-0.12.1              |     pyhd8ed1ab_1          13 KB  conda-forge
    cyrus-sasl-2.1.28          |       hd9c7081_0         205 KB  conda-forge
    fonttools-4.59.1           |   py39heb7d2ae_0         2.3 MB  conda-forge
    greenlet-3.2.4             |   py39h818bca1_0         212 KB  conda-forge
    importlib-resources-6.5.2  |     pyhd8ed1ab_0           9 KB  conda-forge
    importlib_resources-6.5.2  |     pyhd8ed1ab_0          33 KB  conda-forge
    kiwisolver-1.4.7           |   py39h74842e3_0          70 KB  conda-forge
    libblas-3.11.0             |6_h4a7cf45_openblas          18 KB  conda-forge
    libboost-1.86.0            |       hed09d94_4         2.8 MB  conda-forge
    libboost-python-1.86.0     |   py39hf59e57a_3         119 KB  conda-forge
    libcblas-3.11.0            |6_h0358290_openblas          18 KB  conda-forge
    liblapack-3.11.0           |6_h47877c9_openblas          18 KB  conda-forge
    libopenblas-0.3.32         |pthreads_h94d23a6_0         5.7 MB  conda-forge
    libpq-17.7                 |       h5c52fec_1         2.5 MB  conda-forge
    librdkit-2025.03.5         |       h3c5c181_0         9.6 MB  conda-forge
    matplotlib-base-3.9.4      |   py39h16632d1_0         6.7 MB  conda-forge
    numpy-2.0.2                |   py39h9cb892a_1         7.6 MB  conda-forge
    openldap-2.6.10            |       he970967_0         762 KB  conda-forge
    pandas-2.3.1               |   py39h1b6b32d_0        11.9 MB  conda-forge
    pillow-11.3.0              |   py39h15c0740_0        41.0 MB  conda-forge
    pycairo-1.28.0             |   py39ha09e8ab_0         115 KB  conda-forge
    pyparsing-3.2.3            |     pyhe01879c_2         100 KB  conda-forge
    python-tzdata-2025.2       |     pyhd8ed1ab_0         141 KB  conda-forge
    python_abi-3.9             |           2_cp39           4 KB  conda-forge
    rdkit-2025.03.5            |   py39h7dc6229_0        18.9 MB  conda-forge
    rlpycairo-0.2.0            |     pyhd8ed1ab_0          15 KB  conda-forge
    sqlalchemy-2.0.43          |   py39hd399759_0         2.7 MB  conda-forge
    typing-extensions-4.14.1   |       h4440ef1_0          88 KB  conda-forge
    typing_extensions-4.14.1   |     pyhe01879c_0          50 KB  conda-forge
    unicodedata2-16.0.0        |   py39h8cd3c5a_0         395 KB  conda-forge
    zipp-3.23.0                |     pyhd8ed1ab_0          22 KB  conda-forge
    ------------------------------------------------------------
                                           Total:       114.4 MB

The following NEW packages will be INSTALLED:

  brotli             conda-forge/linux-64::brotli-1.2.0-hed03a55_1 
  brotli-bin         conda-forge/linux-64::brotli-bin-1.2.0-hb03c661_1 
  cairo              conda-forge/linux-64::cairo-1.18.4-h3394656_0 
  certifi            conda-forge/noarch::certifi-2025.8.3-pyhd8ed1ab_0 
  charset-normalizer conda-forge/noarch::charset-normalizer-3.4.3-pyhd8ed1ab_0 
  contourpy          conda-forge/linux-64::contourpy-1.3.0-py39h74842e3_2 
  cycler             conda-forge/noarch::cycler-0.12.1-pyhd8ed1ab_1 
  cyrus-sasl         conda-forge/linux-64::cyrus-sasl-2.1.28-hd9c7081_0 
  font-ttf-dejavu-s~ conda-forge/noarch::font-ttf-dejavu-sans-mono-2.37-hab24e00_0 
  font-ttf-inconsol~ conda-forge/noarch::font-ttf-inconsolata-3.000-h77eed37_0 
  font-ttf-source-c~ conda-forge/noarch::font-ttf-source-code-pro-2.038-h77eed37_0 
  font-ttf-ubuntu    conda-forge/noarch::font-ttf-ubuntu-0.83-h77eed37_3 
  fontconfig         pkgs/main/linux-64::fontconfig-2.15.0-h2c49b7f_0 
  fonts-conda-ecosy~ conda-forge/noarch::fonts-conda-ecosystem-1-0 
  fonts-conda-forge  conda-forge/noarch::fonts-conda-forge-1-hc364b38_1 
  fonttools          conda-forge/linux-64::fonttools-4.59.1-py39heb7d2ae_0 
  freetype           conda-forge/linux-64::freetype-2.14.2-ha770c72_0 
  freetype-py        conda-forge/noarch::freetype-py-2.3.0-pyhd8ed1ab_0 
  greenlet           conda-forge/linux-64::greenlet-3.2.4-py39h818bca1_0 
  icu                conda-forge/linux-64::icu-75.1-he02047a_0 
  importlib-resourc~ conda-forge/noarch::importlib-resources-6.5.2-pyhd8ed1ab_0 
  importlib_resourc~ conda-forge/noarch::importlib_resources-6.5.2-pyhd8ed1ab_0 
  keyutils           conda-forge/linux-64::keyutils-1.6.3-hb9d3cd8_0 
  kiwisolver         conda-forge/linux-64::kiwisolver-1.4.7-py39h74842e3_0 
  krb5               conda-forge/linux-64::krb5-1.21.3-h659f571_0 
  lcms2              conda-forge/linux-64::lcms2-2.18-h0c24ade_0 
  lerc               conda-forge/linux-64::lerc-4.1.0-hdb68285_0 
  libblas            conda-forge/linux-64::libblas-3.11.0-6_h4a7cf45_openblas 
  libboost           conda-forge/linux-64::libboost-1.86.0-hed09d94_4 
  libboost-python    conda-forge/linux-64::libboost-python-1.86.0-py39hf59e57a_3 
  libbrotlicommon    conda-forge/linux-64::libbrotlicommon-1.2.0-hb03c661_1 
  libbrotlidec       conda-forge/linux-64::libbrotlidec-1.2.0-hb03c661_1 
  libbrotlienc       conda-forge/linux-64::libbrotlienc-1.2.0-hb03c661_1 
  libcblas           conda-forge/linux-64::libcblas-3.11.0-6_h0358290_openblas 
  libdeflate         conda-forge/linux-64::libdeflate-1.25-h17f619e_0 
  libedit            conda-forge/linux-64::libedit-3.1.20250104-pl5321h7949ede_0 
  libfreetype        conda-forge/linux-64::libfreetype-2.14.2-ha770c72_0 
  libfreetype6       conda-forge/linux-64::libfreetype6-2.14.2-h73754d4_0 
  libgfortran        conda-forge/linux-64::libgfortran-15.2.0-h69a702a_18 
  libgfortran5       conda-forge/linux-64::libgfortran5-15.2.0-h68bc16d_18 
  libglib            conda-forge/linux-64::libglib-2.84.0-h2ff4ddf_0 
  libiconv           conda-forge/linux-64::libiconv-1.18-h3b78370_2 
  libjpeg-turbo      conda-forge/linux-64::libjpeg-turbo-3.1.2-hb03c661_0 
  liblapack          conda-forge/linux-64::liblapack-3.11.0-6_h47877c9_openblas 
  liblzma            conda-forge/linux-64::liblzma-5.8.2-hb03c661_0 
  libntlm            conda-forge/linux-64::libntlm-1.8-hb9d3cd8_0 
  libopenblas        conda-forge/linux-64::libopenblas-0.3.32-pthreads_h94d23a6_0 
  libpng             conda-forge/linux-64::libpng-1.6.55-h421ea60_0 
  libpq              conda-forge/linux-64::libpq-17.7-h5c52fec_1 
  librdkit           conda-forge/linux-64::librdkit-2025.03.5-h3c5c181_0 
  libtiff            conda-forge/linux-64::libtiff-4.7.1-h9d88235_1 
  libwebp-base       conda-forge/linux-64::libwebp-base-1.6.0-hd42ef1d_0 
  libxcrypt          conda-forge/linux-64::libxcrypt-4.4.36-hd590300_1 
  libxml2            conda-forge/linux-64::libxml2-2.13.9-h04c0eec_0 
  matplotlib-base    conda-forge/linux-64::matplotlib-base-3.9.4-py39h16632d1_0 
  munkres            conda-forge/noarch::munkres-1.1.4-pyhd8ed1ab_1 
  numpy              conda-forge/linux-64::numpy-2.0.2-py39h9cb892a_1 
  openjpeg           conda-forge/linux-64::openjpeg-2.5.4-h55fea9a_0 
  openldap           conda-forge/linux-64::openldap-2.6.10-he970967_0 
  packaging          conda-forge/noarch::packaging-26.0-pyhcf101f3_0 
  pandas             conda-forge/linux-64::pandas-2.3.1-py39h1b6b32d_0 
  pcre2              conda-forge/linux-64::pcre2-10.44-hc749103_2 
  pillow             conda-forge/linux-64::pillow-11.3.0-py39h15c0740_0 
  pixman             conda-forge/linux-64::pixman-0.46.4-h54a6638_1 
  pycairo            conda-forge/linux-64::pycairo-1.28.0-py39ha09e8ab_0 
  pyparsing          conda-forge/noarch::pyparsing-3.2.3-pyhe01879c_2 
  python-dateutil    conda-forge/noarch::python-dateutil-2.9.0.post0-pyhe01879c_2 
  python-tzdata      conda-forge/noarch::python-tzdata-2025.2-pyhd8ed1ab_0 
  python_abi         conda-forge/linux-64::python_abi-3.9-2_cp39 
  pytz               conda-forge/noarch::pytz-2025.2-pyhd8ed1ab_0 
  qhull              conda-forge/linux-64::qhull-2020.2-h434a139_5 
  rdkit              conda-forge/linux-64::rdkit-2025.03.5-py39h7dc6229_0 
  reportlab          conda-forge/noarch::reportlab-4.4.10-pyhcf101f3_1 
  rlpycairo          conda-forge/noarch::rlpycairo-0.2.0-pyhd8ed1ab_0 
  six                conda-forge/noarch::six-1.17.0-pyhe01879c_1 
  sqlalchemy         conda-forge/linux-64::sqlalchemy-2.0.43-py39hd399759_0 
  typing-extensions  conda-forge/noarch::typing-extensions-4.14.1-h4440ef1_0 
  typing_extensions  conda-forge/noarch::typing_extensions-4.14.1-pyhe01879c_0 
  unicodedata2       conda-forge/linux-64::unicodedata2-16.0.0-py39h8cd3c5a_0 
  xorg-libice        conda-forge/linux-64::xorg-libice-1.1.2-hb9d3cd8_0 
  xorg-libsm         pkgs/main/linux-64::xorg-libsm-1.2.6-h9b100fa_0 
  xorg-libxext       conda-forge/linux-64::xorg-libxext-1.3.7-hb03c661_0 
  xorg-libxrender    conda-forge/linux-64::xorg-libxrender-0.9.12-hb9d3cd8_0 
  zipp               conda-forge/noarch::zipp-3.23.0-pyhd8ed1ab_0 
  zstd               conda-forge/linux-64::zstd-1.5.7-hb78ec9c_6 

The following packages will be UPDATED:

  openssl               pkgs/main::openssl-3.5.5-h1b28b03_0 --> conda-forge::openssl-3.6.2-h35e630c_0 



Downloading and Extracting Packages: ...working... done
Preparing transaction: ...working... done
Verifying transaction: ...working... done
Executing transaction: ...working... done
Collecting icecream
  Using cached icecream-2.2.0-py3-none-any.whl.metadata (1.5 kB)
Collecting seaborn
  Using cached seaborn-0.13.2-py3-none-any.whl.metadata (5.4 kB)
Collecting pyyaml
  Downloading pyyaml-6.0.3-cp39-cp39-manylinux2014_x86_64.manylinux_2_17_x86_64.manylinux_2_28_x86_64.whl.metadata (2.4 kB)
Requirement already satisfied: matplotlib in /weka/home/jmatthi2/deep_learning/env_3dinfomax/lib/python3.9/site-packages (3.9.4)
Requirement already satisfied: numpy in /weka/home/jmatthi2/deep_learning/env_3dinfomax/lib/python3.9/site-packages (2.0.2)
Requirement already satisfied: pandas in /weka/home/jmatthi2/deep_learning/env_3dinfomax/lib/python3.9/site-packages (2.3.1)
Requirement already satisfied: scikit-learn in /weka/home/jmatthi2/deep_learning/env_3dinfomax/lib/python3.9/site-packages (1.6.1)
Collecting tensorboard
  Using cached tensorboard-2.20.0-py3-none-any.whl.metadata (1.8 kB)
Collecting colorama>=0.3.9 (from icecream)
  Using cached colorama-0.4.6-py2.py3-none-any.whl.metadata (17 kB)
Collecting pygments>=2.2.0 (from icecream)
  Using cached pygments-2.20.0-py3-none-any.whl.metadata (2.5 kB)
Collecting executing>=2.1.0 (from icecream)
  Using cached executing-2.2.1-py2.py3-none-any.whl.metadata (8.9 kB)
Collecting asttokens>=2.0.1 (from icecream)
  Using cached asttokens-3.0.1-py3-none-any.whl.metadata (4.9 kB)
Requirement already satisfied: contourpy>=1.0.1 in /weka/home/jmatthi2/deep_learning/env_3dinfomax/lib/python3.9/site-packages (from matplotlib) (1.3.0)
Requirement already satisfied: cycler>=0.10 in /weka/home/jmatthi2/deep_learning/env_3dinfomax/lib/python3.9/site-packages (from matplotlib) (0.12.1)
Requirement already satisfied: fonttools>=4.22.0 in /weka/home/jmatthi2/deep_learning/env_3dinfomax/lib/python3.9/site-packages (from matplotlib) (4.59.1)
Requirement already satisfied: kiwisolver>=1.3.1 in /weka/home/jmatthi2/deep_learning/env_3dinfomax/lib/python3.9/site-packages (from matplotlib) (1.4.7)
Requirement already satisfied: packaging>=20.0 in /weka/home/jmatthi2/deep_learning/env_3dinfomax/lib/python3.9/site-packages (from matplotlib) (26.0)
Requirement already satisfied: pillow>=8 in /weka/home/jmatthi2/deep_learning/env_3dinfomax/lib/python3.9/site-packages (from matplotlib) (11.3.0)
Requirement already satisfied: pyparsing>=2.3.1 in /weka/home/jmatthi2/deep_learning/env_3dinfomax/lib/python3.9/site-packages (from matplotlib) (3.2.3)
Requirement already satisfied: python-dateutil>=2.7 in /weka/home/jmatthi2/deep_learning/env_3dinfomax/lib/python3.9/site-packages (from matplotlib) (2.9.0.post0)
Requirement already satisfied: importlib-resources>=3.2.0 in /weka/home/jmatthi2/deep_learning/env_3dinfomax/lib/python3.9/site-packages (from matplotlib) (6.5.2)
Requirement already satisfied: pytz>=2020.1 in /weka/home/jmatthi2/deep_learning/env_3dinfomax/lib/python3.9/site-packages (from pandas) (2025.2)
Requirement already satisfied: tzdata>=2022.7 in /weka/home/jmatthi2/deep_learning/env_3dinfomax/lib/python3.9/site-packages (from pandas) (2025.2)
Requirement already satisfied: scipy>=1.6.0 in /weka/home/jmatthi2/deep_learning/env_3dinfomax/lib/python3.9/site-packages (from scikit-learn) (1.13.1)
Requirement already satisfied: joblib>=1.2.0 in /weka/home/jmatthi2/deep_learning/env_3dinfomax/lib/python3.9/site-packages (from scikit-learn) (1.5.3)
Requirement already satisfied: threadpoolctl>=3.1.0 in /weka/home/jmatthi2/deep_learning/env_3dinfomax/lib/python3.9/site-packages (from scikit-learn) (3.6.0)
Collecting absl-py>=0.4 (from tensorboard)
  Downloading absl_py-2.3.1-py3-none-any.whl.metadata (3.3 kB)
Collecting grpcio>=1.48.2 (from tensorboard)
  Downloading grpcio-1.80.0-cp39-cp39-manylinux2014_x86_64.manylinux_2_17_x86_64.whl.metadata (3.8 kB)
Collecting markdown>=2.6.8 (from tensorboard)
  Downloading markdown-3.9-py3-none-any.whl.metadata (5.1 kB)
Collecting protobuf!=4.24.0,>=3.19.6 (from tensorboard)
  Downloading protobuf-6.33.6-cp39-abi3-manylinux2014_x86_64.whl.metadata (593 bytes)
Requirement already satisfied: setuptools>=41.0.0 in /weka/home/jmatthi2/deep_learning/env_3dinfomax/lib/python3.9/site-packages (from tensorboard) (80.9.0)
Collecting tensorboard-data-server<0.8.0,>=0.7.0 (from tensorboard)
  Using cached tensorboard_data_server-0.7.2-py3-none-any.whl.metadata (1.1 kB)
Collecting werkzeug>=1.0.1 (from tensorboard)
  Using cached werkzeug-3.1.8-py3-none-any.whl.metadata (4.0 kB)
Requirement already satisfied: typing-extensions~=4.12 in /weka/home/jmatthi2/deep_learning/env_3dinfomax/lib/python3.9/site-packages (from grpcio>=1.48.2->tensorboard) (4.14.1)
Requirement already satisfied: zipp>=3.1.0 in /weka/home/jmatthi2/deep_learning/env_3dinfomax/lib/python3.9/site-packages (from importlib-resources>=3.2.0->matplotlib) (3.23.0)
Collecting importlib-metadata>=4.4 (from markdown>=2.6.8->tensorboard)
  Downloading importlib_metadata-8.7.1-py3-none-any.whl.metadata (4.7 kB)
Requirement already satisfied: six>=1.5 in /weka/home/jmatthi2/deep_learning/env_3dinfomax/lib/python3.9/site-packages (from python-dateutil>=2.7->matplotlib) (1.17.0)
Requirement already satisfied: markupsafe>=2.1.1 in /weka/home/jmatthi2/deep_learning/env_3dinfomax/lib/python3.9/site-packages (from werkzeug>=1.0.1->tensorboard) (3.0.3)
Using cached icecream-2.2.0-py3-none-any.whl (16 kB)
Using cached seaborn-0.13.2-py3-none-any.whl (294 kB)
Downloading pyyaml-6.0.3-cp39-cp39-manylinux2014_x86_64.manylinux_2_17_x86_64.manylinux_2_28_x86_64.whl (750 kB)
   ━━━━━━━━━━━━━━━━━━━━━━━━━━━━━━━━━━━━━━━━ 750.8/750.8 kB 31.1 MB/s  0:00:00
Using cached tensorboard-2.20.0-py3-none-any.whl (5.5 MB)
Using cached tensorboard_data_server-0.7.2-py3-none-any.whl (2.4 kB)
Downloading absl_py-2.3.1-py3-none-any.whl (135 kB)
Using cached asttokens-3.0.1-py3-none-any.whl (27 kB)
Using cached colorama-0.4.6-py2.py3-none-any.whl (25 kB)
Using cached executing-2.2.1-py2.py3-none-any.whl (28 kB)
Downloading grpcio-1.80.0-cp39-cp39-manylinux2014_x86_64.manylinux_2_17_x86_64.whl (6.8 MB)
   ━━━━━━━━━━━━━━━━━━━━━━━━━━━━━━━━━━━━━━━━ 6.8/6.8 MB 224.9 MB/s  0:00:00
Downloading markdown-3.9-py3-none-any.whl (107 kB)
Downloading importlib_metadata-8.7.1-py3-none-any.whl (27 kB)
Downloading protobuf-6.33.6-cp39-abi3-manylinux2014_x86_64.whl (323 kB)
Using cached pygments-2.20.0-py3-none-any.whl (1.2 MB)
Using cached werkzeug-3.1.8-py3-none-any.whl (226 kB)
Installing collected packages: werkzeug, tensorboard-data-server, pyyaml, pygments, protobuf, importlib-metadata, grpcio, executing, colorama, asttokens, absl-py, markdown, icecream, tensorboard, seaborn

Successfully installed absl-py-2.3.1 asttokens-3.0.1 colorama-0.4.6 executing-2.2.1 grpcio-1.80.0 icecream-2.2.0 importlib-metadata-8.7.1 markdown-3.9 protobuf-6.33.6 pygments-2.20.0 pyyaml-6.0.3 seaborn-0.13.2 tensorboard-2.20.0 tensorboard-data-server-0.7.2 werkzeug-3.1.8
Patched ogb imports.

============================================
Verifying installation...
============================================
PyTorch: 1.13.1+cpu
RDKit: OK
OGB: 1.3.5
icecream: OK
PyYAML: OK

============================================
Environment created at: /home/jmatthi2/deep_learning/env_3dinfomax

Activate with:
  module load anaconda3/2024.02-1
  conda activate /home/jmatthi2/deep_learning/env_3dinfomax
============================================
