Running 3D Infomax inference...
CSV:    /home/jmatthi2/deep_learning/COMET/3dinfomax/lance_lipid_smiles.csv
Repo:   /home/jmatthi2/deep_learning/COMET/3dinfomax/3DInfomax
Output: /home/jmatthi2/deep_learning/COMET/3dinfomax/3dinfomax_lipid_embeddings.npy

Read 14 SMILES from /home/jmatthi2/deep_learning/COMET/3dinfomax/lance_lipid_smiles.csv
Wrote SMILES to /home/jmatthi2/deep_learning/COMET/3dinfomax/3DInfomax/dataset/inference_smiles.txt

Running 3D Infomax inference...
[ Using Seed :  123  ]
num_smiles:  14
trainable params in model:  4981856 

Saving predictions to dataset/fingerprints.pt


Fingerprints shape: torch.Size([14, 256])
Embedding dim: 256

Saved 14 embeddings to /home/jmatthi2/deep_learning/COMET/3dinfomax/3dinfomax_lipid_embeddings.npy
Embedding dim: 256
  [1] dim=256  OCCCCN(CCCCCCOC(C(CCCCCC)CCCCCCCC)=O)CCCCCCOC(C(CC...
  [2] dim=256  CCCCC/C=C\\C/C=C\\CCCCCCCCC1(OC(CCN(C)C)CO1)CCCCCC...
  [3] dim=256  CCCCCC=CCC=CCCCCCCCCC(CCCCCCCCC=CCC=CCCCCC)OC(=O)C...
  [4] dim=256  OCCN(CCCCCCCC(OC(CCCCCCCC)CCCCCCCC)=O)CCCCCC(OCCCC...
  [5] dim=256  OC(CCCCCCCCCC)CN(CCN(CC(CCCCCCCCCC)O)CC(CCCCCCCCCC...
  [6] dim=256  CN(C)CCCC(OC(CCCCCCCC(OC/C=C\\CCCCCC)=O)CCCCCCCC(O...
  [7] dim=256  O=C1NC(CCCCN(CC(CCCCCCCCCC)O)CC(CCCCCCCCCC)O)C(NC1...
  [8] dim=256  CCCCCCCCC=CCCCCCCCC(=O)OCC(COP(=O)(O)OCCN)OC(=O)CC...
  [9] dim=256  CCCCCCCCCCCCCCCCCC(=O)OCC(COP(=O)([O-])OCC[N+](C)(...
  [10] dim=256  CC(C)CCCC(C)C1CCC2C1(CCC3C2CC=C4C3(CCC(C4)O)C)C...
  [11] dim=256  CC(C)CCCC(C)C1CCC2C1(CCC3C2CC=C4C3(CCC(C4)OC(=O)NC...
  [12] dim=256  CCC(CCC(C)C1CCC2C1(CCC3C2CC=C4C3(CCC(C4)O)C)C)C(C)...
  [13] dim=256  CCCCCCCCCCCCCC(=O)OCC(COP(=O)(O)OCCNC(=O)OCCOC)OC(...
  [14] dim=256  CCCCCCCCCCCCCCCCCC(=O)OCC(COP(=O)(O)OCCNC(=O)OCCOC...

Done.
